#-----------------------------------------------------------
# Vivado v2020.2 (64-bit)
# SW Build 3064766 on Wed Nov 18 09:12:47 MST 2020
# IP Build 3064653 on Wed Nov 18 14:17:31 MST 2020
# Start of session at: Tue Mar 23 03:55:44 2021
# Process ID: 30458
# Current directory: /home/caohy168/Work/Multiline_Synchprocess/xdma_bpu_tx
# Command line: vivado xdma_bpu_ex.xpr
# Log file: /home/caohy168/Work/Multiline_Synchprocess/xdma_bpu_tx/vivado.log
# Journal file: /home/caohy168/Work/Multiline_Synchprocess/xdma_bpu_tx/vivado.jou
#-----------------------------------------------------------
start_gui
open_project xdma_bpu_ex.xpr
Scanning sources...
Finished scanning sources
INFO: [IP_Flow 19-234] Refreshing IP repositories
INFO: [IP_Flow 19-1704] No user IP repositories specified
INFO: [IP_Flow 19-2313] Loaded Vivado IP repository '/tools/Xilinx/Vivado/2020.2/data/ip'.
open_project: Time (s): cpu = 00:00:14 ; elapsed = 00:00:05 . Memory (MB): peak = 7508.348 ; gain = 125.422 ; free physical = 69098 ; free virtual = 78778
INFO: [IP_Flow 19-3899] Cannot get the environment domain name variable for the component vendor name. Setting the vendor name to 'user.org'.
update_compile_order -fileset sources_1
exit
INFO: [Common 17-206] Exiting Vivado at Tue Mar 23 03:56:40 2021...
