Copyright 1986-2020 Xilinx, Inc. All Rights Reserved.
----------------------------------------------------------------------------------------------------------------------------------------------------------
| Tool Version     : Vivado v.2020.2 (lin64) Build 3064766 Wed Nov 18 09:12:47 MST 2020
| Date             : Sun Jan  3 19:05:39 2021
| Host             : ubuntu running 64-bit Ubuntu 18.04.5 LTS
| Command          : report_power -file tpu_transmit_power_routed.rpt -pb tpu_transmit_power_summary_routed.pb -rpx tpu_transmit_power_routed.rpx
| Design           : tpu_transmit
| Device           : xcku040-ffva1156-2-e
| Design State     : routed
| Grade            : extended
| Process          : typical
| Characterization : Production
----------------------------------------------------------------------------------------------------------------------------------------------------------

Power Report

Table of Contents
-----------------
1. Summary
1.1 On-Chip Components
1.2 Power Supply Summary
1.3 Confidence Level
2. Settings
2.1 Environment
2.2 Clock Constraints
3. Detailed Reports
3.1 By Hierarchy

1. Summary
----------

+--------------------------+--------------+
| Total On-Chip Power (W)  | 2.769        |
| Design Power Budget (W)  | Unspecified* |
| Power Budget Margin (W)  | NA           |
| Dynamic (W)              | 2.223        |
| Device Static (W)        | 0.546        |
| Effective TJA (C/W)      | 1.4          |
| Max Ambient (C)          | 96.1         |
| Junction Temperature (C) | 28.9         |
| Confidence Level         | Medium       |
| Setting File             | ---          |
| Simulation Activity File | ---          |
| Design Nets Matched      | NA           |
+--------------------------+--------------+
* Specify Design Power Budget using, set_operating_conditions -design_power_budget <value in Watts>


1.1 On-Chip Components
----------------------

+--------------------------+-----------+----------+-----------+-----------------+
| On-Chip                  | Power (W) | Used     | Available | Utilization (%) |
+--------------------------+-----------+----------+-----------+-----------------+
| Clocks                   |     0.346 |       10 |       --- |             --- |
| CLB Logic                |     0.558 |   167128 |       --- |             --- |
|   LUT as Logic           |     0.509 |    71933 |    242400 |           29.68 |
|   LUT as Distributed RAM |     0.030 |     4685 |    112800 |            4.15 |
|   Register               |     0.013 |    51674 |    484800 |           10.66 |
|   CARRY8                 |     0.003 |      793 |     30300 |            2.62 |
|   LUT as Shift Register  |     0.003 |      112 |    112800 |            0.10 |
|   F7/F8 Muxes            |    <0.001 |     7721 |    242400 |            3.19 |
|   Others                 |     0.000 |     1525 |       --- |             --- |
| Signals                  |     0.531 |   106992 |       --- |             --- |
| Block RAM                |     0.203 |       42 |       600 |            7.00 |
| MMCM                     |     0.114 |        1 |        10 |           10.00 |
| I/O                      |     0.148 |      298 |       520 |           57.31 |
| GTH                      |     0.220 |        1 |        20 |            5.00 |
| Hard IPs                 |     0.104 |        1 |       --- |             --- |
|   PCIE                   |     0.104 |        1 |         3 |           33.33 |
| Static Power             |     0.546 |          |           |                 |
| Total                    |     2.769 |          |           |                 |
+--------------------------+-----------+----------+-----------+-----------------+


1.2 Power Supply Summary
------------------------

+------------+-------------+-----------+-------------+------------+-------------+-------------+------------+
| Source     | Voltage (V) | Total (A) | Dynamic (A) | Static (A) | Powerup (A) | Budget (A)  | Margin (A) |
+------------+-------------+-----------+-------------+------------+-------------+-------------+------------+
| Vccint     |       0.950 |     2.004 |       1.842 |      0.161 |       NA    | Unspecified | NA         |
| Vccaux     |       1.800 |     0.160 |       0.063 |      0.097 |       NA    | Unspecified | NA         |
| Vccaux_io  |       1.800 |     0.131 |       0.066 |      0.065 |       NA    | Unspecified | NA         |
| Vccint_io  |       0.950 |     0.024 |       0.007 |      0.017 |       NA    | Unspecified | NA         |
| Vcco33     |       3.300 |     0.000 |       0.000 |      0.000 |       NA    | Unspecified | NA         |
| Vcco25     |       2.500 |     0.000 |       0.000 |      0.000 |       NA    | Unspecified | NA         |
| Vcco18     |       1.800 |     0.012 |       0.012 |      0.000 |       NA    | Unspecified | NA         |
| Vcco15     |       1.500 |     0.000 |       0.000 |      0.000 |       NA    | Unspecified | NA         |
| Vcco135    |       1.350 |     0.000 |       0.000 |      0.000 |       NA    | Unspecified | NA         |
| Vcco12     |       1.200 |     0.000 |       0.000 |      0.000 |       NA    | Unspecified | NA         |
| Vcco10     |       1.000 |     0.000 |       0.000 |      0.000 |       NA    | Unspecified | NA         |
| Vccbram    |       0.950 |     0.018 |       0.006 |      0.012 |       NA    | Unspecified | NA         |
| MGTAVcc    |       1.000 |     0.132 |       0.100 |      0.032 |       NA    | Unspecified | NA         |
| MGTAVtt    |       1.200 |     0.102 |       0.088 |      0.014 |       NA    | Unspecified | NA         |
| MGTVccaux  |       1.800 |     0.000 |       0.000 |      0.000 |       NA    | Unspecified | NA         |
| Vccadc     |       1.800 |     0.014 |       0.000 |      0.014 |       NA    | Unspecified | NA         |
| MGTYVccaux |       1.800 |     0.000 |       0.000 |      0.000 |       NA    | Unspecified | NA         |
| MGTYAVcc   |       1.000 |     0.000 |       0.000 |      0.000 |       NA    | Unspecified | NA         |
| MGTYAVtt   |       1.200 |     0.000 |       0.000 |      0.000 |       NA    | Unspecified | NA         |
+------------+-------------+-----------+-------------+------------+-------------+-------------+------------+


1.3 Confidence Level
--------------------

+-----------------------------+------------+-------------------------------------------------------+------------------------------------------------------------------------------------------------------------+
| User Input Data             | Confidence | Details                                               | Action                                                                                                     |
+-----------------------------+------------+-------------------------------------------------------+------------------------------------------------------------------------------------------------------------+
| Design implementation state | High       | Design is routed                                      |                                                                                                            |
| Clock nodes activity        | High       | User specified more than 95% of clocks                |                                                                                                            |
| I/O nodes activity          | Medium     | More than 5% of inputs are missing user specification | Provide missing input activity with simulation results or by editing the "By Resource Type -> I/Os" view   |
| Internal nodes activity     | Medium     | User specified less than 25% of internal nodes        | Provide missing internal nodes activity with simulation results or by editing the "By Resource Type" views |
| Device models               | High       | Device models are Production                          |                                                                                                            |
|                             |            |                                                       |                                                                                                            |
| Overall confidence level    | Medium     |                                                       |                                                                                                            |
+-----------------------------+------------+-------------------------------------------------------+------------------------------------------------------------------------------------------------------------+


2. Settings
-----------

2.1 Environment
---------------

+-----------------------+--------------------------+
| Ambient Temp (C)      | 25.0                     |
| ThetaJA (C/W)         | 1.4                      |
| Airflow (LFM)         | 250                      |
| Heat Sink             | medium (Medium Profile)  |
| ThetaSA (C/W)         | 2.4                      |
| Board Selection       | medium (10"x10")         |
| # of Board Layers     | 12to15 (12 to 15 Layers) |
| Board Temperature (C) | 25.0                     |
+-----------------------+--------------------------+


2.2 Clock Constraints
---------------------

+-----------------------------+------------------------------------------------------------------------------------------------------------------------------------------------------------------------------------------------------------------------------------------------------------------------------------------------------------+-----------------+
| Clock                       | Domain                                                                                                                                                                                                                                                                                                     | Constraint (ns) |
+-----------------------------+------------------------------------------------------------------------------------------------------------------------------------------------------------------------------------------------------------------------------------------------------------------------------------------------------------+-----------------+
| CLK_125MHZ_P                | CLK_125MHZ_P                                                                                                                                                                                                                                                                                               |             8.0 |
| clk_out1_tpu_transmit_clock | tpu_transmit_clock/inst/clk_out1_tpu_transmit_clock                                                                                                                                                                                                                                                        |             4.0 |
| clkfbout_tpu_transmit_clock | tpu_transmit_clock/inst/clkfbout_tpu_transmit_clock                                                                                                                                                                                                                                                        |             8.0 |
| mcap_clk                    | EP/xdma_bpu_i/inst/pcie3_ip_i/inst/xdma_bpu_pcie3_ip_gt_top_i/MCAPCLK                                                                                                                                                                                                                                      |             8.0 |
| pcie_user_clk               | EP/xdma_bpu_i/inst/pcie3_ip_i/inst/xdma_bpu_pcie3_ip_gt_top_i/phy_clk_i/CLK_USERCLK                                                                                                                                                                                                                        |            16.0 |
| pipe_clk                    | EP/xdma_bpu_i/inst/pcie3_ip_i/inst/xdma_bpu_pcie3_ip_gt_top_i/phy_clk_i/CLK_PCLK                                                                                                                                                                                                                           |             8.0 |
| sys_clk                     | sys_clk_p                                                                                                                                                                                                                                                                                                  |            10.0 |
| txoutclk_out[0]             | EP/xdma_bpu_i/inst/pcie3_ip_i/inst/xdma_bpu_pcie3_ip_gt_top_i/gt_wizard.gtwizard_top_i/xdma_bpu_pcie3_ip_gt_i/inst/gen_gtwizard_gthe3_top.xdma_bpu_pcie3_ip_gt_gtwizard_gthe3_inst/gen_gtwizard_gthe3.gen_channel_container[1].gen_enabled_channel.gthe3_channel_wrapper_inst/channel_inst/txoutclk_out[0] |             4.0 |
+-----------------------------+------------------------------------------------------------------------------------------------------------------------------------------------------------------------------------------------------------------------------------------------------------------------------------------------------------+-----------------+


3. Detailed Reports
-------------------

3.1 By Hierarchy
----------------

+-----------------------------+-----------+
| Name                        | Power (W) |
+-----------------------------+-----------+
| tpu_transmit                |     2.223 |
|   EP                        |     0.471 |
|     xdma_bpu_i              |     0.471 |
|       inst                  |     0.471 |
|   tpu_pushstream            |     1.489 |
|     buffer[0].axis_fifo_t8I |     0.003 |
|       inst                  |     0.003 |
|     buffer[0].axis_fifo_t8Q |     0.002 |
|       inst                  |     0.002 |
|     buffer[1].axis_fifo_t8I |     0.002 |
|       inst                  |     0.002 |
|     buffer[1].axis_fifo_t8Q |     0.002 |
|       inst                  |     0.002 |
|     buffer[2].axis_fifo_t8I |     0.002 |
|       inst                  |     0.002 |
|     buffer[2].axis_fifo_t8Q |     0.002 |
|       inst                  |     0.002 |
|     buffer[3].axis_fifo_t8I |     0.002 |
|       inst                  |     0.002 |
|     buffer[3].axis_fifo_t8Q |     0.002 |
|       inst                  |     0.002 |
|     buffer[4].axis_fifo_t8I |     0.002 |
|       inst                  |     0.002 |
|     buffer[4].axis_fifo_t8Q |     0.002 |
|       inst                  |     0.002 |
|     buffer[5].axis_fifo_t8I |     0.002 |
|       inst                  |     0.002 |
|     buffer[5].axis_fifo_t8Q |     0.002 |
|       inst                  |     0.002 |
|     buffer[6].axis_fifo_t8I |     0.002 |
|       inst                  |     0.002 |
|     buffer[6].axis_fifo_t8Q |     0.002 |
|       inst                  |     0.002 |
|     buffer[7].axis_fifo_t8I |     0.002 |
|       inst                  |     0.002 |
|     buffer[7].axis_fifo_t8Q |     0.002 |
|       inst                  |     0.002 |
|     layer1_pushstream       |     1.181 |
|       layer1_transmit       |     1.181 |
|     radio_pushstream        |     0.269 |
|       radio_transmit        |     0.269 |
|   tpu_transmit_clock        |     0.118 |
|     inst                    |     0.118 |
|       clkin1_ibufds         |     0.003 |
+-----------------------------+-----------+


