Copyright 1986-2020 Xilinx, Inc. All Rights Reserved.
------------------------------------------------------------------------------------------------------------------------------
| Tool Version : Vivado v.2020.2 (lin64) Build 3064766 Wed Nov 18 09:12:47 MST 2020
| Date         : Sun Jan  3 19:05:02 2021
| Host         : ubuntu running 64-bit Ubuntu 18.04.5 LTS
| Command      : report_drc -file tpu_transmit_drc_routed.rpt -pb tpu_transmit_drc_routed.pb -rpx tpu_transmit_drc_routed.rpx
| Design       : tpu_transmit
| Device       : xcku040-ffva1156-2-e
| Speed File   : -2
| Design State : Fully Routed
------------------------------------------------------------------------------------------------------------------------------

Report DRC

Table of Contents
-----------------
1. REPORT SUMMARY
2. REPORT DETAILS

1. REPORT SUMMARY
-----------------
            Netlist: netlist
          Floorplan: design_1
      Design limits: <entire design considered>
           Ruledeck: default
             Max violations: <unlimited>
             Violations found: 3
+-----------+------------------+----------------------------+------------+
| Rule      | Severity         | Description                | Violations |
+-----------+------------------+----------------------------+------------+
| NSTD-1    | Critical Warning | Unspecified I/O Standard   | 1          |
| UCIO-1    | Critical Warning | Unconstrained Logical Port | 1          |
| RTSTAT-10 | Warning          | No routable loads          | 1          |
+-----------+------------------+----------------------------+------------+

2. REPORT DETAILS
-----------------
NSTD-1#1 Critical Warning
Unspecified I/O Standard  
291 out of 304 logical ports use I/O standard (IOSTANDARD) value 'DEFAULT', instead of a user assigned specific value. This may cause I/O contention or incompatibility with the board power or connectivity affecting performance, signal integrity or in extreme cases cause damage to the device or the components to which it is connected. To correct this violation, specify all I/O standards. This design will fail to generate a bitstream unless all logical ports have a user specified I/O standard value defined. To allow bitstream creation with unspecified I/O standard values (not recommended), use this command: set_property SEVERITY {Warning} [get_drc_checks NSTD-1].  NOTE: When using the Vivado Runs infrastructure (e.g. launch_runs Tcl command), add this command to a .tcl file and add that file as a pre-hook for write_bitstream step for the implementation run. Problem ports: m_axis_outputDAI_tdata[3][15:0], m_axis_outputDAI_tdata[4][15:0],
m_axis_outputDAI_tdata[5][15:0], m_axis_outputDAI_tdata[6][15:0],
m_axis_outputDAI_tdata[7][15:0], m_axis_outputDAI_tlast[4],
m_axis_outputDAI_tlast[5], m_axis_outputDAI_tlast[6],
m_axis_outputDAI_tlast[7], m_axis_outputDAI_tvalid[4],
m_axis_outputDAI_tvalid[5], m_axis_outputDAI_tvalid[6],
m_axis_outputDAI_tvalid[7], xphy_txn, xphy_txp
 (the first 15 of 51 listed).
Related violations: <none>

UCIO-1#1 Critical Warning
Unconstrained Logical Port  
293 out of 304 logical ports have no user assigned specific location constraint (LOC). This may cause I/O contention or incompatibility with the board power or connectivity affecting performance, signal integrity or in extreme cases cause damage to the device or the components to which it is connected. To correct this violation, specify all pin locations. This design will fail to generate a bitstream unless all logical ports have a user specified site LOC constraint defined.  To allow bitstream creation with unspecified pin locations (not recommended), use this command: set_property SEVERITY {Warning} [get_drc_checks UCIO-1].  NOTE: When using the Vivado Runs infrastructure (e.g. launch_runs Tcl command), add this command to a .tcl file and add that file as a pre-hook for write_bitstream step for the implementation run.  Problem ports: m_axis_outputDAI_tdata[4][15:0], m_axis_outputDAI_tdata[5][15:0],
m_axis_outputDAI_tdata[6][15:0], m_axis_outputDAI_tdata[7][15:0],
m_axis_outputDAI_tlast[4], m_axis_outputDAI_tlast[5],
m_axis_outputDAI_tlast[6], m_axis_outputDAI_tlast[7],
m_axis_outputDAI_tvalid[5], m_axis_outputDAI_tvalid[6],
m_axis_outputDAI_tvalid[7], sys_clk_n, sys_clk_p, xphy_txn, xphy_txp
 (the first 15 of 53 listed).
Related violations: <none>

RTSTAT-10#1 Warning
No routable loads  
6 net(s) have no routable loads. The problem bus(es) and/or net(s) are EP/xdma_bpu_i/inst/pcie3_ip_i/inst/cfg_ltssm_state_reg0[5:0].
Related violations: <none>


