
*** Running vivado
    with args -log mac_phy_xlconstant_8b0_0.vds -m64 -product Vivado -mode batch -messageDb vivado.pb -notrace -source mac_phy_xlconstant_8b0_0.tcl


****** Vivado v2020.2 (64-bit)
  **** SW Build 3064766 on Wed Nov 18 09:12:47 MST 2020
  **** IP Build 3064653 on Wed Nov 18 14:17:31 MST 2020
    ** Copyright 1986-2020 Xilinx, Inc. All Rights Reserved.

source mac_phy_xlconstant_8b0_0.tcl -notrace
Command: synth_design -top mac_phy_xlconstant_8b0_0 -part xcku040-ffva1156-2-e -mode out_of_context
Starting synth_design
Attempting to get a license for feature 'Synthesis' and/or device 'xcku040'
INFO: [Common 17-349] Got license for feature 'Synthesis' and/or device 'xcku040'
INFO: [Device 21-403] Loading part xcku040-ffva1156-2-e
INFO: [Synth 8-7079] Multithreading enabled for synth_design using a maximum of 4 processes.
INFO: [Synth 8-7078] Launching helper process for spawning children vivado processes
INFO: [Synth 8-7075] Helper process launched with PID 45655
---------------------------------------------------------------------------------
Starting RTL Elaboration : Time (s): cpu = 00:00:03 ; elapsed = 00:00:09 . Memory (MB): peak = 2589.078 ; gain = 150.715 ; free physical = 54649 ; free virtual = 59436
---------------------------------------------------------------------------------
INFO: [Synth 8-6157] synthesizing module 'mac_phy_xlconstant_8b0_0' [/home/caohy/Work/xdma_bpu_tx/xdma_bpu_ex.gen/sources_1/ip/mac_phy_xlconstant_8b0_0/synth/mac_phy_xlconstant_8b0_0.v:57]
INFO: [Synth 8-6157] synthesizing module 'xlconstant_v1_1_7_xlconstant' [/home/caohy/Work/xdma_bpu_tx/xdma_bpu_ex.gen/sources_1/ipshared/fcfc/hdl/xlconstant_v1_1_vl_rfs.v:23]
	Parameter CONST_VAL bound to: 8'b00000000 
	Parameter CONST_WIDTH bound to: 8 - type: integer 
INFO: [Synth 8-6155] done synthesizing module 'xlconstant_v1_1_7_xlconstant' (1#1) [/home/caohy/Work/xdma_bpu_tx/xdma_bpu_ex.gen/sources_1/ipshared/fcfc/hdl/xlconstant_v1_1_vl_rfs.v:23]
INFO: [Synth 8-6155] done synthesizing module 'mac_phy_xlconstant_8b0_0' (2#1) [/home/caohy/Work/xdma_bpu_tx/xdma_bpu_ex.gen/sources_1/ip/mac_phy_xlconstant_8b0_0/synth/mac_phy_xlconstant_8b0_0.v:57]
---------------------------------------------------------------------------------
Finished RTL Elaboration : Time (s): cpu = 00:00:04 ; elapsed = 00:00:13 . Memory (MB): peak = 2634.984 ; gain = 196.621 ; free physical = 54419 ; free virtual = 59207
---------------------------------------------------------------------------------
---------------------------------------------------------------------------------
Start Handling Custom Attributes
---------------------------------------------------------------------------------
---------------------------------------------------------------------------------
Finished Handling Custom Attributes : Time (s): cpu = 00:00:04 ; elapsed = 00:00:14 . Memory (MB): peak = 2650.828 ; gain = 212.465 ; free physical = 54328 ; free virtual = 59115
---------------------------------------------------------------------------------
---------------------------------------------------------------------------------
Finished RTL Optimization Phase 1 : Time (s): cpu = 00:00:04 ; elapsed = 00:00:14 . Memory (MB): peak = 2650.828 ; gain = 212.465 ; free physical = 54328 ; free virtual = 59115
---------------------------------------------------------------------------------
Netlist sorting complete. Time (s): cpu = 00:00:00 ; elapsed = 00:00:00 . Memory (MB): peak = 2650.828 ; gain = 0.000 ; free physical = 54313 ; free virtual = 59101
INFO: [Project 1-570] Preparing netlist for logic optimization

Processing XDC Constraints
Initializing timing engine
Completed Processing XDC Constraints

Netlist sorting complete. Time (s): cpu = 00:00:00 ; elapsed = 00:00:00 . Memory (MB): peak = 2725.766 ; gain = 0.000 ; free physical = 54193 ; free virtual = 58980
INFO: [Project 1-111] Unisim Transformation Summary:
No Unisim elements were transformed.

Constraint Validation Runtime : Time (s): cpu = 00:00:00.01 ; elapsed = 00:00:00.02 . Memory (MB): peak = 2732.703 ; gain = 6.938 ; free physical = 54192 ; free virtual = 58979
---------------------------------------------------------------------------------
Finished Constraint Validation : Time (s): cpu = 00:00:08 ; elapsed = 00:00:19 . Memory (MB): peak = 2732.703 ; gain = 294.340 ; free physical = 54974 ; free virtual = 59761
---------------------------------------------------------------------------------
---------------------------------------------------------------------------------
Start Loading Part and Timing Information
---------------------------------------------------------------------------------
Loading part: xcku040-ffva1156-2-e
INFO: [Synth 8-6742] Reading net delay rules and data
---------------------------------------------------------------------------------
Finished Loading Part and Timing Information : Time (s): cpu = 00:00:08 ; elapsed = 00:00:19 . Memory (MB): peak = 2732.703 ; gain = 294.340 ; free physical = 54974 ; free virtual = 59761
---------------------------------------------------------------------------------
---------------------------------------------------------------------------------
Start Applying 'set_property' XDC Constraints
---------------------------------------------------------------------------------
---------------------------------------------------------------------------------
Finished applying 'set_property' XDC Constraints : Time (s): cpu = 00:00:08 ; elapsed = 00:00:19 . Memory (MB): peak = 2732.703 ; gain = 294.340 ; free physical = 54976 ; free virtual = 59764
---------------------------------------------------------------------------------
---------------------------------------------------------------------------------
Finished RTL Optimization Phase 2 : Time (s): cpu = 00:00:08 ; elapsed = 00:00:19 . Memory (MB): peak = 2732.703 ; gain = 294.340 ; free physical = 54976 ; free virtual = 59764
---------------------------------------------------------------------------------
---------------------------------------------------------------------------------
Start RTL Component Statistics 
---------------------------------------------------------------------------------
Detailed RTL Component Info : 
---------------------------------------------------------------------------------
Finished RTL Component Statistics 
---------------------------------------------------------------------------------
---------------------------------------------------------------------------------
Start Part Resource Summary
---------------------------------------------------------------------------------
Part Resources:
DSPs: 1920 (col length:120)
BRAMs: 1200 (col length: RAMB18 120 RAMB36 60)
---------------------------------------------------------------------------------
Finished Part Resource Summary
---------------------------------------------------------------------------------
---------------------------------------------------------------------------------
Start Cross Boundary and Area Optimization
---------------------------------------------------------------------------------
---------------------------------------------------------------------------------
Finished Cross Boundary and Area Optimization : Time (s): cpu = 00:00:08 ; elapsed = 00:00:20 . Memory (MB): peak = 2732.703 ; gain = 294.340 ; free physical = 54972 ; free virtual = 59763
---------------------------------------------------------------------------------
---------------------------------------------------------------------------------
Start Applying XDC Timing Constraints
---------------------------------------------------------------------------------
---------------------------------------------------------------------------------
Finished Applying XDC Timing Constraints : Time (s): cpu = 00:00:16 ; elapsed = 00:00:32 . Memory (MB): peak = 2817.016 ; gain = 378.652 ; free physical = 54737 ; free virtual = 59528
---------------------------------------------------------------------------------
---------------------------------------------------------------------------------
Start Timing Optimization
---------------------------------------------------------------------------------
---------------------------------------------------------------------------------
Finished Timing Optimization : Time (s): cpu = 00:00:16 ; elapsed = 00:00:32 . Memory (MB): peak = 2817.016 ; gain = 378.652 ; free physical = 54737 ; free virtual = 59528
---------------------------------------------------------------------------------
---------------------------------------------------------------------------------
Start Technology Mapping
---------------------------------------------------------------------------------
---------------------------------------------------------------------------------
Finished Technology Mapping : Time (s): cpu = 00:00:16 ; elapsed = 00:00:32 . Memory (MB): peak = 2836.047 ; gain = 397.684 ; free physical = 54736 ; free virtual = 59527
---------------------------------------------------------------------------------
---------------------------------------------------------------------------------
Start IO Insertion
---------------------------------------------------------------------------------
---------------------------------------------------------------------------------
Start Flattening Before IO Insertion
---------------------------------------------------------------------------------
---------------------------------------------------------------------------------
Finished Flattening Before IO Insertion
---------------------------------------------------------------------------------
---------------------------------------------------------------------------------
Start Final Netlist Cleanup
---------------------------------------------------------------------------------
---------------------------------------------------------------------------------
Finished Final Netlist Cleanup
---------------------------------------------------------------------------------
---------------------------------------------------------------------------------
Finished IO Insertion : Time (s): cpu = 00:00:18 ; elapsed = 00:00:34 . Memory (MB): peak = 2841.984 ; gain = 403.621 ; free physical = 54736 ; free virtual = 59527
---------------------------------------------------------------------------------
---------------------------------------------------------------------------------
Start Renaming Generated Instances
---------------------------------------------------------------------------------
---------------------------------------------------------------------------------
Finished Renaming Generated Instances : Time (s): cpu = 00:00:18 ; elapsed = 00:00:34 . Memory (MB): peak = 2841.984 ; gain = 403.621 ; free physical = 54736 ; free virtual = 59527
---------------------------------------------------------------------------------
---------------------------------------------------------------------------------
Start Rebuilding User Hierarchy
---------------------------------------------------------------------------------
---------------------------------------------------------------------------------
Finished Rebuilding User Hierarchy : Time (s): cpu = 00:00:18 ; elapsed = 00:00:34 . Memory (MB): peak = 2841.984 ; gain = 403.621 ; free physical = 54736 ; free virtual = 59527
---------------------------------------------------------------------------------
---------------------------------------------------------------------------------
Start Renaming Generated Ports
---------------------------------------------------------------------------------
---------------------------------------------------------------------------------
Finished Renaming Generated Ports : Time (s): cpu = 00:00:18 ; elapsed = 00:00:34 . Memory (MB): peak = 2841.984 ; gain = 403.621 ; free physical = 54737 ; free virtual = 59527
---------------------------------------------------------------------------------
---------------------------------------------------------------------------------
Start Handling Custom Attributes
---------------------------------------------------------------------------------
---------------------------------------------------------------------------------
Finished Handling Custom Attributes : Time (s): cpu = 00:00:18 ; elapsed = 00:00:34 . Memory (MB): peak = 2841.984 ; gain = 403.621 ; free physical = 54737 ; free virtual = 59527
---------------------------------------------------------------------------------
---------------------------------------------------------------------------------
Start Renaming Generated Nets
---------------------------------------------------------------------------------
---------------------------------------------------------------------------------
Finished Renaming Generated Nets : Time (s): cpu = 00:00:18 ; elapsed = 00:00:34 . Memory (MB): peak = 2841.984 ; gain = 403.621 ; free physical = 54737 ; free virtual = 59527
---------------------------------------------------------------------------------
---------------------------------------------------------------------------------
Start Writing Synthesis Report
---------------------------------------------------------------------------------

Report BlackBoxes: 
+-+--------------+----------+
| |BlackBox name |Instances |
+-+--------------+----------+
+-+--------------+----------+

Report Cell Usage: 
+-+-----+------+
| |Cell |Count |
+-+-----+------+
+-+-----+------+
---------------------------------------------------------------------------------
Finished Writing Synthesis Report : Time (s): cpu = 00:00:18 ; elapsed = 00:00:34 . Memory (MB): peak = 2841.984 ; gain = 403.621 ; free physical = 54737 ; free virtual = 59527
---------------------------------------------------------------------------------
Synthesis finished with 0 errors, 0 critical warnings and 0 warnings.
Synthesis Optimization Runtime : Time (s): cpu = 00:00:18 ; elapsed = 00:00:32 . Memory (MB): peak = 2841.984 ; gain = 321.746 ; free physical = 54757 ; free virtual = 59548
Synthesis Optimization Complete : Time (s): cpu = 00:00:18 ; elapsed = 00:00:34 . Memory (MB): peak = 2841.992 ; gain = 403.621 ; free physical = 54757 ; free virtual = 59548
INFO: [Project 1-571] Translating synthesized netlist
Netlist sorting complete. Time (s): cpu = 00:00:00 ; elapsed = 00:00:00 . Memory (MB): peak = 2841.992 ; gain = 0.000 ; free physical = 54750 ; free virtual = 59541
INFO: [Project 1-570] Preparing netlist for logic optimization
INFO: [Opt 31-138] Pushed 0 inverter(s) to 0 load pin(s).
Netlist sorting complete. Time (s): cpu = 00:00:00 ; elapsed = 00:00:00 . Memory (MB): peak = 2870.703 ; gain = 0.000 ; free physical = 54797 ; free virtual = 59588
INFO: [Project 1-111] Unisim Transformation Summary:
No Unisim elements were transformed.

INFO: [Common 17-83] Releasing license: Synthesis
17 Infos, 0 Warnings, 0 Critical Warnings and 0 Errors encountered.
synth_design completed successfully
synth_design: Time (s): cpu = 00:00:27 ; elapsed = 00:00:40 . Memory (MB): peak = 2876.641 ; gain = 446.285 ; free physical = 54935 ; free virtual = 59726
INFO: [Common 17-1381] The checkpoint '/home/caohy/Work/xdma_bpu_tx/xdma_bpu_ex.runs/mac_phy_xlconstant_8b0_0_synth_1/mac_phy_xlconstant_8b0_0.dcp' has been generated.
WARNING: [Common 17-576] 'use_project_ipc' is deprecated. This option is deprecated and no longer used.
INFO: [Coretcl 2-1648] Added synthesis output to IP cache for IP mac_phy_xlconstant_8b0_0, cache-ID = b089d8a2b1074d72
INFO: [Common 17-1381] The checkpoint '/home/caohy/Work/xdma_bpu_tx/xdma_bpu_ex.runs/mac_phy_xlconstant_8b0_0_synth_1/mac_phy_xlconstant_8b0_0.dcp' has been generated.
INFO: [runtcl-4] Executing : report_utilization -file mac_phy_xlconstant_8b0_0_utilization_synth.rpt -pb mac_phy_xlconstant_8b0_0_utilization_synth.pb
INFO: [Common 17-206] Exiting Vivado at Thu Dec 24 22:45:18 2020...
