Vivado Simulator 2020.2
Copyright 1986-1999, 2001-2020 Xilinx, Inc. All Rights Reserved.
Running: /tools/Xilinx/Vivado/2020.2/bin/unwrapped/lnx64.o/xelab -wto 787df35f3ff049ecac8aacef5be5d688 --incr --debug typical --relax --mt 32 -L xil_defaultlib -L xbip_utils_v3_0_10 -L axi_utils_v2_0_6 -L c_reg_fd_v12_0_6 -L c_mux_bit_v12_0_6 -L c_mux_bus_v12_0_6 -L xbip_pipe_v3_0_6 -L xbip_dsp48_wrapper_v3_0_4 -L xbip_dsp48_addsub_v3_0_6 -L xbip_addsub_v3_0_6 -L c_addsub_v12_0_14 -L c_gate_bit_v12_0_6 -L c_compare_v12_0_6 -L xbip_counter_v3_0_6 -L c_counter_binary_v12_0_14 -L c_shift_ram_v12_0_14 -L rs_toolbox_v9_0_8 -L rs_decoder_v9_0_17 -L axis_infrastructure_v1_1_0 -L axis_data_fifo_v2_0_4 -L xbip_bram18k_v3_0_6 -L mult_gen_v12_0_16 -L xbip_dsp48_multadd_v3_0_6 -L dds_compiler_v6_0_20 -L gtwizard_ultrascale_v1_7_9 -L blk_mem_gen_v8_4_4 -L xdma_v4_1_8 -L uvm -L unisims_ver -L unimacro_ver -L secureip -L xpm --snapshot board_behav xil_defaultlib.board xil_defaultlib.glbl -log elaborate.log 
Using 32 slave threads.
Starting static elaboration
Pass Through NonSizing Optimizer
WARNING: [VRFC 10-3091] actual bit length 1 differs from formal bit length 8 for port 'pci_exp_txn' [/home/caohy168/Work/Multiline_Synchprocess/xdma_bpu_rx/xdma_bpu_ex.srcs/sources_1/new/receive_board.sv:455]
WARNING: [VRFC 10-3091] actual bit length 1 differs from formal bit length 8 for port 'pci_exp_txp' [/home/caohy168/Work/Multiline_Synchprocess/xdma_bpu_rx/xdma_bpu_ex.srcs/sources_1/new/receive_board.sv:456]
WARNING: [VRFC 10-3091] actual bit length 1 differs from formal bit length 8 for port 'pci_exp_rxn' [/home/caohy168/Work/Multiline_Synchprocess/xdma_bpu_rx/xdma_bpu_ex.srcs/sources_1/new/receive_board.sv:457]
WARNING: [VRFC 10-3091] actual bit length 1 differs from formal bit length 8 for port 'pci_exp_rxp' [/home/caohy168/Work/Multiline_Synchprocess/xdma_bpu_rx/xdma_bpu_ex.srcs/sources_1/new/receive_board.sv:458]
WARNING: [VRFC 10-3091] actual bit length 7 differs from formal bit length 6 for port 'rbar_bar_size_sd' [/home/caohy168/Work/xdma_bpu_ex.gen/sources_1/ip/xdma_bpu/sim/xdma_bpu.sv:1486]
WARNING: [VRFC 10-3091] actual bit length 9 differs from formal bit length 8 for port 'rbar_function_number_sd' [/home/caohy168/Work/xdma_bpu_ex.gen/sources_1/ip/xdma_bpu/sim/xdma_bpu.sv:1487]
WARNING: [VRFC 10-3091] actual bit length 3 differs from formal bit length 2 for port 'cfg_max_payload_sd' [/home/caohy168/Work/xdma_bpu_ex.gen/sources_1/ip/xdma_bpu/sim/xdma_bpu.sv:1499]
WARNING: [VRFC 10-3091] actual bit length 1 differs from formal bit length 252 for port 'cfg_vf_flr_done' [/wrk/ci/prod/2020.2/sw/continuous/733/packages/customer/vivado/data/ip/xilinx/xdma_v4_1/hdl/xdma_v4_1_vl_rfs.sv:45506]
WARNING: [VRFC 10-3091] actual bit length 256 differs from formal bit length 64 for port 'cfg_interrupt_msix_address' [/wrk/ci/prod/2020.2/sw/continuous/733/packages/customer/vivado/data/ip/xilinx/xdma_v4_1/hdl/xdma_v4_1_vl_rfs.sv:45897]
WARNING: [VRFC 10-3091] actual bit length 4 differs from formal bit length 1 for port 'm_axis_rq_tready' [/wrk/ci/prod/2020.2/sw/continuous/733/packages/customer/vivado/data/ip/xilinx/xdma_v4_1/hdl/xdma_v4_1_vl_rfs.sv:44087]
WARNING: [VRFC 10-3091] actual bit length 1 differs from formal bit length 4 for port 'CFG_MSIEN_IN' [/wrk/ci/prod/2020.2/sw/continuous/733/packages/customer/vivado/data/ip/xilinx/xdma_v4_1/hdl/xdma_v4_1_vl_rfs.sv:44394]
WARNING: [VRFC 10-3091] actual bit length 256 differs from formal bit length 4 for port 'cfg_flr_done' [/wrk/ci/prod/2020.2/sw/continuous/733/packages/customer/vivado/data/ip/xilinx/xdma_v4_1/hdl/xdma_v4_1_vl_rfs.sv:44449]
WARNING: [VRFC 10-3091] actual bit length 2 differs from formal bit length 1 for port 'axi_rrq_rdy' [/wrk/ci/prod/2020.2/sw/continuous/733/packages/customer/vivado/data/ip/xilinx/xdma_v4_1/hdl/xdma_v4_1_vl_rfs.sv:42987]
WARNING: [VRFC 10-3091] actual bit length 2 differs from formal bit length 1 for port 'axi_rrq_vld' [/wrk/ci/prod/2020.2/sw/continuous/733/packages/customer/vivado/data/ip/xilinx/xdma_v4_1/hdl/xdma_v4_1_vl_rfs.sv:42988]
WARNING: [VRFC 10-3091] actual bit length 242 differs from formal bit length 121 for port 'axi_rrq_req' [/wrk/ci/prod/2020.2/sw/continuous/733/packages/customer/vivado/data/ip/xilinx/xdma_v4_1/hdl/xdma_v4_1_vl_rfs.sv:42989]
WARNING: [VRFC 10-5021] port 'cfg_fc_vc_sel' is not connected on this instance [/home/caohy168/Work/xdma_bpu_ex.gen/sources_1/ip/xdma_bpu/sim/xdma_bpu.sv:159]
WARNING: [VRFC 10-3027] 'cfg_max_payload' was previously declared with a different range [/home/caohy168/Work/xdma_bpu_ex.gen/sources_1/ip/xdma_bpu/xdma_v4_1/hdl/verilog/xdma_bpu_core_top.sv:3717]
WARNING: [VRFC 10-5021] port 'm_axis_stat_tdata' is not connected on this instance [/home/caohy168/Work/Multiline_Synchprocess/xdma_bpu_rx/xdma_bpu_ex.srcs/sources_1/imports/imports/layer1_receive.sv:161]
WARNING: [VRFC 10-3705] select index 1 into 'h2c_dat_bram_in' is out of bounds [/wrk/ci/prod/2020.2/sw/continuous/733/packages/customer/vivado/data/ip/xilinx/xdma_v4_1/hdl/xdma_v4_1_vl_rfs.sv:41959]
WARNING: [VRFC 10-3705] select index 1 into 'h2c_dat_bram_in' is out of bounds [/wrk/ci/prod/2020.2/sw/continuous/733/packages/customer/vivado/data/ip/xilinx/xdma_v4_1/hdl/xdma_v4_1_vl_rfs.sv:41960]
WARNING: [VRFC 10-3705] select index 1 into 'h2c_dat_bram_out' is out of bounds [/wrk/ci/prod/2020.2/sw/continuous/733/packages/customer/vivado/data/ip/xilinx/xdma_v4_1/hdl/xdma_v4_1_vl_rfs.sv:41961]
WARNING: [VRFC 10-3705] select index 1 into 'h2c_dat_bram_out' is out of bounds [/wrk/ci/prod/2020.2/sw/continuous/733/packages/customer/vivado/data/ip/xilinx/xdma_v4_1/hdl/xdma_v4_1_vl_rfs.sv:41962]
WARNING: [VRFC 10-3705] select index 1 into 'h2c_dat_bram_cmd_out' is out of bounds [/wrk/ci/prod/2020.2/sw/continuous/733/packages/customer/vivado/data/ip/xilinx/xdma_v4_1/hdl/xdma_v4_1_vl_rfs.sv:41963]
WARNING: [VRFC 10-3705] select index 1 into 'h2c_dat_bram_cmd_out' is out of bounds [/wrk/ci/prod/2020.2/sw/continuous/733/packages/customer/vivado/data/ip/xilinx/xdma_v4_1/hdl/xdma_v4_1_vl_rfs.sv:41964]
WARNING: [VRFC 10-3705] select index 1 into 'h2c_dat_bram_cmd_out' is out of bounds [/wrk/ci/prod/2020.2/sw/continuous/733/packages/customer/vivado/data/ip/xilinx/xdma_v4_1/hdl/xdma_v4_1_vl_rfs.sv:41966]
WARNING: [VRFC 10-3705] select index 2 into 'h2c_dat_bram_in' is out of bounds [/wrk/ci/prod/2020.2/sw/continuous/733/packages/customer/vivado/data/ip/xilinx/xdma_v4_1/hdl/xdma_v4_1_vl_rfs.sv:41968]
WARNING: [VRFC 10-3705] select index 2 into 'h2c_dat_bram_in' is out of bounds [/wrk/ci/prod/2020.2/sw/continuous/733/packages/customer/vivado/data/ip/xilinx/xdma_v4_1/hdl/xdma_v4_1_vl_rfs.sv:41969]
WARNING: [VRFC 10-3705] select index 2 into 'h2c_dat_bram_out' is out of bounds [/wrk/ci/prod/2020.2/sw/continuous/733/packages/customer/vivado/data/ip/xilinx/xdma_v4_1/hdl/xdma_v4_1_vl_rfs.sv:41970]
WARNING: [VRFC 10-3705] select index 2 into 'h2c_dat_bram_out' is out of bounds [/wrk/ci/prod/2020.2/sw/continuous/733/packages/customer/vivado/data/ip/xilinx/xdma_v4_1/hdl/xdma_v4_1_vl_rfs.sv:41971]
WARNING: [VRFC 10-3705] select index 2 into 'h2c_dat_bram_cmd_out' is out of bounds [/wrk/ci/prod/2020.2/sw/continuous/733/packages/customer/vivado/data/ip/xilinx/xdma_v4_1/hdl/xdma_v4_1_vl_rfs.sv:41972]
WARNING: [VRFC 10-3705] select index 2 into 'h2c_dat_bram_cmd_out' is out of bounds [/wrk/ci/prod/2020.2/sw/continuous/733/packages/customer/vivado/data/ip/xilinx/xdma_v4_1/hdl/xdma_v4_1_vl_rfs.sv:41973]
WARNING: [VRFC 10-3705] select index 2 into 'h2c_dat_bram_cmd_out' is out of bounds [/wrk/ci/prod/2020.2/sw/continuous/733/packages/customer/vivado/data/ip/xilinx/xdma_v4_1/hdl/xdma_v4_1_vl_rfs.sv:41975]
WARNING: [VRFC 10-3705] select index 3 into 'h2c_dat_bram_in' is out of bounds [/wrk/ci/prod/2020.2/sw/continuous/733/packages/customer/vivado/data/ip/xilinx/xdma_v4_1/hdl/xdma_v4_1_vl_rfs.sv:41977]
WARNING: [VRFC 10-3705] select index 3 into 'h2c_dat_bram_in' is out of bounds [/wrk/ci/prod/2020.2/sw/continuous/733/packages/customer/vivado/data/ip/xilinx/xdma_v4_1/hdl/xdma_v4_1_vl_rfs.sv:41978]
WARNING: [VRFC 10-3705] select index 3 into 'h2c_dat_bram_out' is out of bounds [/wrk/ci/prod/2020.2/sw/continuous/733/packages/customer/vivado/data/ip/xilinx/xdma_v4_1/hdl/xdma_v4_1_vl_rfs.sv:41979]
WARNING: [VRFC 10-3705] select index 3 into 'h2c_dat_bram_out' is out of bounds [/wrk/ci/prod/2020.2/sw/continuous/733/packages/customer/vivado/data/ip/xilinx/xdma_v4_1/hdl/xdma_v4_1_vl_rfs.sv:41980]
WARNING: [VRFC 10-3705] select index 3 into 'h2c_dat_bram_cmd_out' is out of bounds [/wrk/ci/prod/2020.2/sw/continuous/733/packages/customer/vivado/data/ip/xilinx/xdma_v4_1/hdl/xdma_v4_1_vl_rfs.sv:41981]
WARNING: [VRFC 10-3705] select index 3 into 'h2c_dat_bram_cmd_out' is out of bounds [/wrk/ci/prod/2020.2/sw/continuous/733/packages/customer/vivado/data/ip/xilinx/xdma_v4_1/hdl/xdma_v4_1_vl_rfs.sv:41982]
WARNING: [VRFC 10-3705] select index 3 into 'h2c_dat_bram_cmd_out' is out of bounds [/wrk/ci/prod/2020.2/sw/continuous/733/packages/customer/vivado/data/ip/xilinx/xdma_v4_1/hdl/xdma_v4_1_vl_rfs.sv:41984]
WARNING: [VRFC 10-3705] select index 1 into 'c2h_dat_bram_in' is out of bounds [/wrk/ci/prod/2020.2/sw/continuous/733/packages/customer/vivado/data/ip/xilinx/xdma_v4_1/hdl/xdma_v4_1_vl_rfs.sv:41995]
WARNING: [VRFC 10-3705] select index 1 into 'c2h_dat_bram_in' is out of bounds [/wrk/ci/prod/2020.2/sw/continuous/733/packages/customer/vivado/data/ip/xilinx/xdma_v4_1/hdl/xdma_v4_1_vl_rfs.sv:41996]
WARNING: [VRFC 10-3705] select index 1 into 'c2h_dat_bram_out' is out of bounds [/wrk/ci/prod/2020.2/sw/continuous/733/packages/customer/vivado/data/ip/xilinx/xdma_v4_1/hdl/xdma_v4_1_vl_rfs.sv:41997]
WARNING: [VRFC 10-3705] select index 1 into 'c2h_dat_bram_out' is out of bounds [/wrk/ci/prod/2020.2/sw/continuous/733/packages/customer/vivado/data/ip/xilinx/xdma_v4_1/hdl/xdma_v4_1_vl_rfs.sv:41998]
WARNING: [VRFC 10-3705] select index 1 into 'c2h_dat_bram_cmd_out' is out of bounds [/wrk/ci/prod/2020.2/sw/continuous/733/packages/customer/vivado/data/ip/xilinx/xdma_v4_1/hdl/xdma_v4_1_vl_rfs.sv:41999]
WARNING: [VRFC 10-3705] select index 1 into 'c2h_dat_bram_cmd_out' is out of bounds [/wrk/ci/prod/2020.2/sw/continuous/733/packages/customer/vivado/data/ip/xilinx/xdma_v4_1/hdl/xdma_v4_1_vl_rfs.sv:42000]
WARNING: [VRFC 10-3705] select index 1 into 'c2h_dat_bram_cmd_out' is out of bounds [/wrk/ci/prod/2020.2/sw/continuous/733/packages/customer/vivado/data/ip/xilinx/xdma_v4_1/hdl/xdma_v4_1_vl_rfs.sv:42002]
WARNING: [VRFC 10-3705] select index 2 into 'c2h_dat_bram_in' is out of bounds [/wrk/ci/prod/2020.2/sw/continuous/733/packages/customer/vivado/data/ip/xilinx/xdma_v4_1/hdl/xdma_v4_1_vl_rfs.sv:42004]
WARNING: [VRFC 10-3705] select index 2 into 'c2h_dat_bram_in' is out of bounds [/wrk/ci/prod/2020.2/sw/continuous/733/packages/customer/vivado/data/ip/xilinx/xdma_v4_1/hdl/xdma_v4_1_vl_rfs.sv:42005]
WARNING: [VRFC 10-3705] select index 2 into 'c2h_dat_bram_out' is out of bounds [/wrk/ci/prod/2020.2/sw/continuous/733/packages/customer/vivado/data/ip/xilinx/xdma_v4_1/hdl/xdma_v4_1_vl_rfs.sv:42006]
WARNING: [VRFC 10-3705] select index 2 into 'c2h_dat_bram_out' is out of bounds [/wrk/ci/prod/2020.2/sw/continuous/733/packages/customer/vivado/data/ip/xilinx/xdma_v4_1/hdl/xdma_v4_1_vl_rfs.sv:42007]
WARNING: [VRFC 10-3705] select index 2 into 'c2h_dat_bram_cmd_out' is out of bounds [/wrk/ci/prod/2020.2/sw/continuous/733/packages/customer/vivado/data/ip/xilinx/xdma_v4_1/hdl/xdma_v4_1_vl_rfs.sv:42008]
WARNING: [VRFC 10-3705] select index 2 into 'c2h_dat_bram_cmd_out' is out of bounds [/wrk/ci/prod/2020.2/sw/continuous/733/packages/customer/vivado/data/ip/xilinx/xdma_v4_1/hdl/xdma_v4_1_vl_rfs.sv:42009]
WARNING: [VRFC 10-3705] select index 2 into 'c2h_dat_bram_cmd_out' is out of bounds [/wrk/ci/prod/2020.2/sw/continuous/733/packages/customer/vivado/data/ip/xilinx/xdma_v4_1/hdl/xdma_v4_1_vl_rfs.sv:42011]
WARNING: [VRFC 10-3705] select index 3 into 'c2h_dat_bram_in' is out of bounds [/wrk/ci/prod/2020.2/sw/continuous/733/packages/customer/vivado/data/ip/xilinx/xdma_v4_1/hdl/xdma_v4_1_vl_rfs.sv:42013]
WARNING: [VRFC 10-3705] select index 3 into 'c2h_dat_bram_in' is out of bounds [/wrk/ci/prod/2020.2/sw/continuous/733/packages/customer/vivado/data/ip/xilinx/xdma_v4_1/hdl/xdma_v4_1_vl_rfs.sv:42014]
WARNING: [VRFC 10-3705] select index 3 into 'c2h_dat_bram_out' is out of bounds [/wrk/ci/prod/2020.2/sw/continuous/733/packages/customer/vivado/data/ip/xilinx/xdma_v4_1/hdl/xdma_v4_1_vl_rfs.sv:42015]
WARNING: [VRFC 10-3705] select index 3 into 'c2h_dat_bram_out' is out of bounds [/wrk/ci/prod/2020.2/sw/continuous/733/packages/customer/vivado/data/ip/xilinx/xdma_v4_1/hdl/xdma_v4_1_vl_rfs.sv:42016]
WARNING: [VRFC 10-3705] select index 3 into 'c2h_dat_bram_cmd_out' is out of bounds [/wrk/ci/prod/2020.2/sw/continuous/733/packages/customer/vivado/data/ip/xilinx/xdma_v4_1/hdl/xdma_v4_1_vl_rfs.sv:42017]
WARNING: [VRFC 10-3705] select index 3 into 'c2h_dat_bram_cmd_out' is out of bounds [/wrk/ci/prod/2020.2/sw/continuous/733/packages/customer/vivado/data/ip/xilinx/xdma_v4_1/hdl/xdma_v4_1_vl_rfs.sv:42018]
WARNING: [VRFC 10-3705] select index 3 into 'c2h_dat_bram_cmd_out' is out of bounds [/wrk/ci/prod/2020.2/sw/continuous/733/packages/customer/vivado/data/ip/xilinx/xdma_v4_1/hdl/xdma_v4_1_vl_rfs.sv:42020]
WARNING: [VRFC 10-3705] select index 119 into 's_axis_cq_tuser' is out of bounds [/wrk/ci/prod/2020.2/sw/continuous/733/packages/customer/vivado/data/ip/xilinx/xdma_v4_1/hdl/xdma_v4_1_vl_rfs.sv:28417]
Completed static elaboration
Starting simulation data flow analysis
WARNING: [XSIM 43-4328] File: /home/caohy168/Work/Multiline_Synchprocess/xdma_bpu_rx/imports/pci_exp_usrapp_tx.v Line: 3161 : Sensitivity on input argument "timeout" of task "TSK_SIMULATION_TIMEOUT" may never get triggered.
Completed simulation data flow analysis
Time Resolution for simulation is 1ps
Compiling package std.standard
Compiling package std.textio
Compiling package ieee.std_logic_1164
Compiling package ieee.numeric_std
Compiling package xbip_utils_v3_0_10.xbip_utils_v3_0_10_pkg
Compiling package xbip_utils_v3_0_10.xcc_utils_v3_0
Compiling package dds_compiler_v6_0_20.dds_compiler_v6_0_20_viv_comp
Compiling package ieee.std_logic_arith
Compiling package ieee.std_logic_signed
Compiling package dds_compiler_v6_0_20.pkg_dds_compiler_v6_0_20
Compiling package dds_compiler_v6_0_20.dds_compiler_v6_0_20_hdl_comps
Compiling package xbip_pipe_v3_0_6.xbip_pipe_v3_0_6_viv_comp
Compiling package axi_utils_v2_0_6.axi_utils_v2_0_6_pkg
Compiling package ieee.math_real
Compiling package axi_utils_v2_0_6.global_util_pkg
Compiling package axi_utils_v2_0_6.axi_utils_comps
Compiling package unisim.vcomponents
Compiling package ieee.std_logic_unsigned
Compiling package dds_compiler_v6_0_20.pkg_betas
Compiling package dds_compiler_v6_0_20.pkg_alphas
Compiling package mult_gen_v12_0_16.mult_gen_v12_0_16_viv_comp
Compiling package mult_gen_v12_0_16.mult_gen_v12_0_16_pkg
Compiling package ieee.vital_timing
Compiling package ieee.vital_primitives
Compiling package unisim.vpkg
Compiling package c_addsub_v12_0_14.c_addsub_v12_0_14_viv_comp
Compiling package xbip_addsub_v3_0_6.xbip_addsub_v3_0_6_viv_comp
Compiling package c_addsub_v12_0_14.c_addsub_v12_0_14_pkg
Compiling package c_addsub_v12_0_14.c_addsub_v12_0_14_pkg_legacy
Compiling package c_reg_fd_v12_0_6.c_reg_fd_v12_0_6_viv_comp
Compiling package rs_decoder_v9_0_17.rs_decoder_v9_0_17_consts
Compiling package rs_decoder_v9_0_17.rs_decoder_v9_0_17_viv_comp
Compiling package rs_toolbox_v9_0_8.ul_utils
Compiling package rs_toolbox_v9_0_8.util_xcc
Compiling package rs_toolbox_v9_0_8.mem_init_file_pack
Compiling package rs_toolbox_v9_0_8.mem_utils
Compiling package rs_decoder_v9_0_17.dec_pkg
Compiling package rs_toolbox_v9_0_8.gf_pkg
Compiling package rs_decoder_v9_0_17.dec_comps_pkg
Compiling package rs_toolbox_v9_0_8.toolbox_comps
Compiling package rs_toolbox_v9_0_8.rs_blocks_pkg
Compiling package c_shift_ram_v12_0_14.c_shift_ram_v12_0_14_viv_comp
Compiling package c_shift_ram_v12_0_14.c_shift_ram_v12_0_14_pkg
Compiling package c_mux_bit_v12_0_6.c_mux_bit_v12_0_6_viv_comp
Compiling package c_compare_v12_0_6.c_compare_v12_0_6_viv_comp
Compiling package c_compare_v12_0_6.pkg_compare_v12_0
Compiling package c_gate_bit_v12_0_6.c_gate_bit_v12_0_6_viv_comp
Compiling package c_counter_binary_v12_0_14.c_counter_binary_v12_0_14_viv_co...
Compiling package xbip_counter_v3_0_6.xbip_counter_v3_0_6_viv_comp
Compiling package xbip_counter_v3_0_6.xbip_counter_v3_0_6_pkg
Compiling package c_counter_binary_v12_0_14.c_counter_binary_v12_0_14_pkg
Compiling package c_gate_bit_v12_0_6.pkg_gate_bit_v12_0
Compiling package xil_defaultlib.$unit_xdma_bpu_dma_bram_wrap_sv
Compiling package xdma_v4_1_8.$unit_xdma_v4_1_vl_rfs_sv
Compiling package xil_defaultlib.$unit_crc_detector_sv
Compiling module xil_defaultlib.sys_clk_gen
Compiling module xil_defaultlib.sys_clk_gen_ds(halfcycle=5000)
Compiling module unisims_ver.IBUF
Compiling module unisims_ver.IBUFDS_GTE3_default
Compiling module unisims_ver.BUFG_GT
Compiling module unisims_ver.BUFG_GT_SYNC
Compiling module xil_defaultlib.rp_phy_sync_cell(STAGE=3)
Compiling module xil_defaultlib.rp_phy_sync(STAGE=3)
Compiling module xil_defaultlib.rp_deemph
Compiling module xil_defaultlib.rp_rxcdrhold
Compiling module xil_defaultlib.rp_phy_clk
Compiling module xil_defaultlib.rp_phy_sync(WIDTH=8,STAGE=3)
Compiling module xil_defaultlib.rp_phy_sync(WIDTH=2,STAGE=3)
Compiling module xil_defaultlib.rp_phy_rst(PL_UPSTREAM_FACING="F...
Compiling module xil_defaultlib.rp_phy_sync_cell
Compiling module xil_defaultlib.rp_phy_sync(WIDTH=2)
Compiling module xil_defaultlib.rp_phy_sync(WIDTH=4)
Compiling module xil_defaultlib.rp_phy_sync(WIDTH=6)
Compiling module xil_defaultlib.rp_phy_txeq
Compiling module xil_defaultlib.rp_phy_sync(WIDTH=3)
Compiling module xil_defaultlib.rp_phy_rxeq(PHY_SIM_EN="TRUE")
Compiling module unisims_ver.GTHE3_CHANNEL(ALIGN_COMMA_ENABLE...
Compiling module xil_defaultlib.rp_gt_channel(PHY_SIM_EN="TRUE",...
Compiling module unisims_ver.GTHE3_COMMON(BIAS_CFG2=16'b01100...
Compiling module xil_defaultlib.rp_gt_common(PHY_SIM_EN="TRUE")
Compiling module xil_defaultlib.rp_gt_channel(PHY_SIM_EN="TRUE",...
Compiling module xil_defaultlib.rp_gt_channel(PHY_SIM_EN="TRUE",...
Compiling module xil_defaultlib.rp_gt_channel(PHY_SIM_EN="TRUE",...
Compiling module xil_defaultlib.rp_gt_channel(PHY_SIM_EN="TRUE",...
Compiling module xil_defaultlib.rp_gt_common(PHY_SIM_EN="TRUE",G...
Compiling module xil_defaultlib.rp_gt_channel(PHY_SIM_EN="TRUE",...
Compiling module xil_defaultlib.rp_gt_channel(PHY_SIM_EN="TRUE",...
Compiling module xil_defaultlib.rp_gt_channel(PHY_SIM_EN="TRUE",...
Compiling module xil_defaultlib.rp_phy_wrapper(PL_UPSTREAM_FACIN...
Compiling module xil_defaultlib.rp_init_ctrl(PL_UPSTREAM_FACING=...
Compiling module unisims_ver.RAMB36E2(DOB_REG=0,READ_WIDTH_A=...
Compiling module xil_defaultlib.rp_tph_tbl
Compiling module xil_defaultlib.rp_pipe_misc_default
Compiling module xil_defaultlib.rp_pipe_lane_default
Compiling module xil_defaultlib.rp_pipe_pipeline(PL_LINK_CAP_MAX...
Compiling module unisims_ver.RAMB36E2(READ_WIDTH_A=36,READ_WI...
Compiling module xil_defaultlib.rp_bram_rep_8k_default
Compiling module xil_defaultlib.rp_bram_rep
Compiling module unisims_ver.RAMB18E2(READ_WIDTH_A=36,RSTREG_...
Compiling module xil_defaultlib.rp_bram_8k_default
Compiling module xil_defaultlib.rp_bram_req
Compiling module xil_defaultlib.rp_bram_cpl(COMPLETION_SPACE="8K...
Compiling module xil_defaultlib.rp_bram(COMPLETION_SPACE="8KB")
Compiling module unisims_ver.PCIE_3_1(AXISTEN_IF_CC_PARITY_CH...
Compiling module xil_defaultlib.rp_pcie3_uscale_wrapper(NO_DECOD...
Compiling module xil_defaultlib.rp_pcie3_uscale_top(NO_DECODE_LO...
Compiling module xil_defaultlib.rp_pcie3_uscale_core_top(PL_LINK...
Compiling module xil_defaultlib.pcie3_uscale_rp_top
Compiling module xil_defaultlib.pci_exp_usrapp_rx(C_DATA_WIDTH=2...
Compiling module xil_defaultlib.pci_exp_usrapp_tx(DEV_CAP_MAX_PA...
Compiling module xil_defaultlib.pci_exp_usrapp_cfg
Compiling module xil_defaultlib.pci_exp_usrapp_com
Compiling module xil_defaultlib.xilinx_pcie3_uscale_rp(PF0_DEV_C...
Compiling module unisims_ver.IBUFDS
Compiling module unisims_ver.MMCME3_ADV(CLKFBOUT_MULT_F=8.0,C...
Compiling module unisims_ver.BUFG
Compiling module xil_defaultlib.tpu_receive_clock_clk_wiz
Compiling module xil_defaultlib.tpu_receive_clock
Compiling module axis_infrastructure_v1_1_0.axis_infrastructure_v1_1_0_util_...
Compiling module axis_infrastructure_v1_1_0.axis_infrastructure_v1_1_0_util_...
Compiling module axis_infrastructure_v1_1_0.axis_infrastructure_v1_1_0_util_...
Compiling module xpm.xpm_cdc_sync_rst(DEST_SYNC_FF=3,...
Compiling module xpm.xpm_fifo_rst(COMMON_CLOCK=0,CDC_...
Compiling module xpm.xpm_fifo_reg_bit
Compiling module xpm.xpm_counter_updn(COUNTER_WIDTH=1...
Compiling module xpm.xpm_counter_updn(COUNTER_WIDTH=1...
Compiling module xpm.xpm_memory_base(MEMORY_TYPE=1,ME...
Compiling module xpm.xpm_cdc_gray(DEST_SYNC_FF=3,INIT...
Compiling module xpm.xpm_fifo_reg_vec(REG_WIDTH=10)
Compiling module xpm.xpm_cdc_gray(DEST_SYNC_FF=5,INIT...
Compiling module xpm.xpm_fifo_reg_vec(REG_WIDTH=11)
Compiling module xpm.xpm_cdc_gray(DEST_SYNC_FF=3,INIT...
Compiling module xpm.xpm_counter_updn(COUNTER_WIDTH=2...
Compiling module xpm.xpm_fifo_base(COMMON_CLOCK=0,FIF...
Compiling module xpm.xpm_fifo_axis(CLOCKING_MODE="ind...
Compiling module axis_data_fifo_v2_0_4.axis_data_fifo_v2_0_4_top(C_FAMI...
Compiling module xil_defaultlib.bbtoc2h
Compiling module unisims_ver.OBUF
Compiling module xil_defaultlib.dma_pcie_axis_rq_if(DATA_WIDTH=6...
Compiling module xil_defaultlib.dma_pcie_axis_cc_if(DATA_WIDTH=6...
Compiling module xil_defaultlib.dma_pcie_axis_rc_if(DATA_WIDTH=6...
Compiling module xil_defaultlib.dma_pcie_axis_cq_if(DATA_WIDTH=6...
Compiling module xil_defaultlib.dma_pcie_misc_output_if
Compiling module xil_defaultlib.dma_pcie_misc_input_if
Compiling module xil_defaultlib.dma_pcie_gic_if
Compiling module xil_defaultlib.dma_pcie_fabric_output_if
Compiling module xil_defaultlib.dma_pcie_fabric_input_if
Compiling module xil_defaultlib.dma_pcie_mi_4Bx2048_4Bwe_ram_if
Compiling module xil_defaultlib.dma_pcie_mi_16Bx2048_4Bwe_ram_if
Compiling module xil_defaultlib.dma_pcie_mi_2Bx2048_ram_if
Compiling module xil_defaultlib.dma_pcie_mi_8Bx2048_4Bwe_ram_if
Compiling module xil_defaultlib.dma_pcie_mi_dsc_cpli_if
Compiling module xil_defaultlib.dma_pcie_mi_dsc_cpld_if
Compiling module xil_defaultlib.dma_pcie_dsc_in_if
Compiling module xil_defaultlib.dma_pcie_dsc_out_if
Compiling module xil_defaultlib.dma_pcie_mi_64Bx256_32Bwe_ram_if
Compiling module xil_defaultlib.dma_pcie_mi_64Bx512_32Bwe_ram_if
Compiling module xil_defaultlib.dma_pcie_mi_64Bx2048_32Bwe_ram_i...
Compiling module xil_defaultlib.dma_pcie_mi_64Bx1024_32Bwe_ram_i...
Compiling module xdma_v4_1_8.xdma_v4_1_8_GenericFIFOHead(BUF_...
Compiling module xdma_v4_1_8.xdma_v4_1_8_GenericFIFOHead(BUF_...
Compiling module xdma_v4_1_8.xdma_v4_1_8_GenericFIFOHead(BUF_...
Compiling module xdma_v4_1_8.xdma_v4_1_8_GenericFIFO(BUF_DATA...
Compiling module xdma_v4_1_8.xdma_v4_1_8_GenericFIFO(BUF_DATA...
Compiling module xdma_v4_1_8.xdma_v4_1_8_GenericFIFOAsync(BUF...
Compiling module xdma_v4_1_8.xdma_v4_1_8_GenericFIFOHead(BUF_...
Compiling module xdma_v4_1_8.xdma_v4_1_8_GenericFIFO(BUF_DATA...
WARNING: [VRFC 10-3705] select index 126 into 's_axis_cq_tuser' is out of bounds [/wrk/ci/prod/2020.2/sw/continuous/733/packages/customer/vivado/data/ip/xilinx/xdma_v4_1/hdl/xdma_v4_1_vl_rfs.sv:28417]
Compiling module xdma_v4_1_8.xdma_v4_1_8_GenericFIFO(BUF_DATA...
Compiling module xdma_v4_1_8.xdma_v4_1_8_GenericFIFOAsync(BUF...
Compiling module xdma_v4_1_8.xdma_v4_1_8_GenericFIFOAsync(BUF...
Compiling module xdma_v4_1_8.xdma_v4_1_8_GenericFIFO(BUF_DATA...
Compiling module xdma_v4_1_8.xdma_v4_1_8_GenericFIFOHead2(BUF...
Compiling module xdma_v4_1_8.xdma_v4_1_8_GenericFIFO(BUF_DATA...
Compiling module xpm.xpm_cdc_single(SRC_INPUT_REG=0)
WARNING: [VRFC 10-3705] select index 1 into 'h2c_dat_bram_in' is out of bounds [/wrk/ci/prod/2020.2/sw/continuous/733/packages/customer/vivado/data/ip/xilinx/xdma_v4_1/hdl/xdma_v4_1_vl_rfs.sv:41959]
WARNING: [VRFC 10-3705] select index 1 into 'h2c_dat_bram_in' is out of bounds [/wrk/ci/prod/2020.2/sw/continuous/733/packages/customer/vivado/data/ip/xilinx/xdma_v4_1/hdl/xdma_v4_1_vl_rfs.sv:41960]
WARNING: [VRFC 10-3705] select index 1 into 'h2c_dat_bram_out' is out of bounds [/wrk/ci/prod/2020.2/sw/continuous/733/packages/customer/vivado/data/ip/xilinx/xdma_v4_1/hdl/xdma_v4_1_vl_rfs.sv:41961]
WARNING: [VRFC 10-3705] select index 1 into 'h2c_dat_bram_out' is out of bounds [/wrk/ci/prod/2020.2/sw/continuous/733/packages/customer/vivado/data/ip/xilinx/xdma_v4_1/hdl/xdma_v4_1_vl_rfs.sv:41962]
WARNING: [VRFC 10-3705] select index 1 into 'h2c_dat_bram_cmd_out' is out of bounds [/wrk/ci/prod/2020.2/sw/continuous/733/packages/customer/vivado/data/ip/xilinx/xdma_v4_1/hdl/xdma_v4_1_vl_rfs.sv:41963]
WARNING: [VRFC 10-3705] select index 1 into 'h2c_dat_bram_cmd_out' is out of bounds [/wrk/ci/prod/2020.2/sw/continuous/733/packages/customer/vivado/data/ip/xilinx/xdma_v4_1/hdl/xdma_v4_1_vl_rfs.sv:41964]
WARNING: [VRFC 10-3705] select index 1 into 'h2c_dat_bram_cmd_out' is out of bounds [/wrk/ci/prod/2020.2/sw/continuous/733/packages/customer/vivado/data/ip/xilinx/xdma_v4_1/hdl/xdma_v4_1_vl_rfs.sv:41966]
WARNING: [VRFC 10-3705] select index 2 into 'h2c_dat_bram_in' is out of bounds [/wrk/ci/prod/2020.2/sw/continuous/733/packages/customer/vivado/data/ip/xilinx/xdma_v4_1/hdl/xdma_v4_1_vl_rfs.sv:41968]
WARNING: [VRFC 10-3705] select index 2 into 'h2c_dat_bram_in' is out of bounds [/wrk/ci/prod/2020.2/sw/continuous/733/packages/customer/vivado/data/ip/xilinx/xdma_v4_1/hdl/xdma_v4_1_vl_rfs.sv:41969]
WARNING: [VRFC 10-3705] select index 2 into 'h2c_dat_bram_out' is out of bounds [/wrk/ci/prod/2020.2/sw/continuous/733/packages/customer/vivado/data/ip/xilinx/xdma_v4_1/hdl/xdma_v4_1_vl_rfs.sv:41970]
WARNING: [VRFC 10-3705] select index 2 into 'h2c_dat_bram_out' is out of bounds [/wrk/ci/prod/2020.2/sw/continuous/733/packages/customer/vivado/data/ip/xilinx/xdma_v4_1/hdl/xdma_v4_1_vl_rfs.sv:41971]
WARNING: [VRFC 10-3705] select index 2 into 'h2c_dat_bram_cmd_out' is out of bounds [/wrk/ci/prod/2020.2/sw/continuous/733/packages/customer/vivado/data/ip/xilinx/xdma_v4_1/hdl/xdma_v4_1_vl_rfs.sv:41972]
WARNING: [VRFC 10-3705] select index 2 into 'h2c_dat_bram_cmd_out' is out of bounds [/wrk/ci/prod/2020.2/sw/continuous/733/packages/customer/vivado/data/ip/xilinx/xdma_v4_1/hdl/xdma_v4_1_vl_rfs.sv:41973]
WARNING: [VRFC 10-3705] select index 2 into 'h2c_dat_bram_cmd_out' is out of bounds [/wrk/ci/prod/2020.2/sw/continuous/733/packages/customer/vivado/data/ip/xilinx/xdma_v4_1/hdl/xdma_v4_1_vl_rfs.sv:41975]
WARNING: [VRFC 10-3705] select index 3 into 'h2c_dat_bram_in' is out of bounds [/wrk/ci/prod/2020.2/sw/continuous/733/packages/customer/vivado/data/ip/xilinx/xdma_v4_1/hdl/xdma_v4_1_vl_rfs.sv:41977]
WARNING: [VRFC 10-3705] select index 3 into 'h2c_dat_bram_in' is out of bounds [/wrk/ci/prod/2020.2/sw/continuous/733/packages/customer/vivado/data/ip/xilinx/xdma_v4_1/hdl/xdma_v4_1_vl_rfs.sv:41978]
WARNING: [VRFC 10-3705] select index 3 into 'h2c_dat_bram_out' is out of bounds [/wrk/ci/prod/2020.2/sw/continuous/733/packages/customer/vivado/data/ip/xilinx/xdma_v4_1/hdl/xdma_v4_1_vl_rfs.sv:41979]
WARNING: [VRFC 10-3705] select index 3 into 'h2c_dat_bram_out' is out of bounds [/wrk/ci/prod/2020.2/sw/continuous/733/packages/customer/vivado/data/ip/xilinx/xdma_v4_1/hdl/xdma_v4_1_vl_rfs.sv:41980]
WARNING: [VRFC 10-3705] select index 3 into 'h2c_dat_bram_cmd_out' is out of bounds [/wrk/ci/prod/2020.2/sw/continuous/733/packages/customer/vivado/data/ip/xilinx/xdma_v4_1/hdl/xdma_v4_1_vl_rfs.sv:41981]
WARNING: [VRFC 10-3705] select index 3 into 'h2c_dat_bram_cmd_out' is out of bounds [/wrk/ci/prod/2020.2/sw/continuous/733/packages/customer/vivado/data/ip/xilinx/xdma_v4_1/hdl/xdma_v4_1_vl_rfs.sv:41982]
WARNING: [VRFC 10-3705] select index 3 into 'h2c_dat_bram_cmd_out' is out of bounds [/wrk/ci/prod/2020.2/sw/continuous/733/packages/customer/vivado/data/ip/xilinx/xdma_v4_1/hdl/xdma_v4_1_vl_rfs.sv:41984]
WARNING: [VRFC 10-3705] select index 1 into 'c2h_dat_bram_in' is out of bounds [/wrk/ci/prod/2020.2/sw/continuous/733/packages/customer/vivado/data/ip/xilinx/xdma_v4_1/hdl/xdma_v4_1_vl_rfs.sv:41995]
WARNING: [VRFC 10-3705] select index 1 into 'c2h_dat_bram_in' is out of bounds [/wrk/ci/prod/2020.2/sw/continuous/733/packages/customer/vivado/data/ip/xilinx/xdma_v4_1/hdl/xdma_v4_1_vl_rfs.sv:41996]
WARNING: [VRFC 10-3705] select index 1 into 'c2h_dat_bram_out' is out of bounds [/wrk/ci/prod/2020.2/sw/continuous/733/packages/customer/vivado/data/ip/xilinx/xdma_v4_1/hdl/xdma_v4_1_vl_rfs.sv:41997]
WARNING: [VRFC 10-3705] select index 1 into 'c2h_dat_bram_out' is out of bounds [/wrk/ci/prod/2020.2/sw/continuous/733/packages/customer/vivado/data/ip/xilinx/xdma_v4_1/hdl/xdma_v4_1_vl_rfs.sv:41998]
WARNING: [VRFC 10-3705] select index 1 into 'c2h_dat_bram_cmd_out' is out of bounds [/wrk/ci/prod/2020.2/sw/continuous/733/packages/customer/vivado/data/ip/xilinx/xdma_v4_1/hdl/xdma_v4_1_vl_rfs.sv:41999]
WARNING: [VRFC 10-3705] select index 1 into 'c2h_dat_bram_cmd_out' is out of bounds [/wrk/ci/prod/2020.2/sw/continuous/733/packages/customer/vivado/data/ip/xilinx/xdma_v4_1/hdl/xdma_v4_1_vl_rfs.sv:42000]
WARNING: [VRFC 10-3705] select index 1 into 'c2h_dat_bram_cmd_out' is out of bounds [/wrk/ci/prod/2020.2/sw/continuous/733/packages/customer/vivado/data/ip/xilinx/xdma_v4_1/hdl/xdma_v4_1_vl_rfs.sv:42002]
WARNING: [VRFC 10-3705] select index 2 into 'c2h_dat_bram_in' is out of bounds [/wrk/ci/prod/2020.2/sw/continuous/733/packages/customer/vivado/data/ip/xilinx/xdma_v4_1/hdl/xdma_v4_1_vl_rfs.sv:42004]
WARNING: [VRFC 10-3705] select index 2 into 'c2h_dat_bram_in' is out of bounds [/wrk/ci/prod/2020.2/sw/continuous/733/packages/customer/vivado/data/ip/xilinx/xdma_v4_1/hdl/xdma_v4_1_vl_rfs.sv:42005]
WARNING: [VRFC 10-3705] select index 2 into 'c2h_dat_bram_out' is out of bounds [/wrk/ci/prod/2020.2/sw/continuous/733/packages/customer/vivado/data/ip/xilinx/xdma_v4_1/hdl/xdma_v4_1_vl_rfs.sv:42006]
WARNING: [VRFC 10-3705] select index 2 into 'c2h_dat_bram_out' is out of bounds [/wrk/ci/prod/2020.2/sw/continuous/733/packages/customer/vivado/data/ip/xilinx/xdma_v4_1/hdl/xdma_v4_1_vl_rfs.sv:42007]
WARNING: [VRFC 10-3705] select index 2 into 'c2h_dat_bram_cmd_out' is out of bounds [/wrk/ci/prod/2020.2/sw/continuous/733/packages/customer/vivado/data/ip/xilinx/xdma_v4_1/hdl/xdma_v4_1_vl_rfs.sv:42008]
WARNING: [VRFC 10-3705] select index 2 into 'c2h_dat_bram_cmd_out' is out of bounds [/wrk/ci/prod/2020.2/sw/continuous/733/packages/customer/vivado/data/ip/xilinx/xdma_v4_1/hdl/xdma_v4_1_vl_rfs.sv:42009]
WARNING: [VRFC 10-3705] select index 2 into 'c2h_dat_bram_cmd_out' is out of bounds [/wrk/ci/prod/2020.2/sw/continuous/733/packages/customer/vivado/data/ip/xilinx/xdma_v4_1/hdl/xdma_v4_1_vl_rfs.sv:42011]
WARNING: [VRFC 10-3705] select index 3 into 'c2h_dat_bram_in' is out of bounds [/wrk/ci/prod/2020.2/sw/continuous/733/packages/customer/vivado/data/ip/xilinx/xdma_v4_1/hdl/xdma_v4_1_vl_rfs.sv:42013]
WARNING: [VRFC 10-3705] select index 3 into 'c2h_dat_bram_in' is out of bounds [/wrk/ci/prod/2020.2/sw/continuous/733/packages/customer/vivado/data/ip/xilinx/xdma_v4_1/hdl/xdma_v4_1_vl_rfs.sv:42014]
WARNING: [VRFC 10-3705] select index 3 into 'c2h_dat_bram_out' is out of bounds [/wrk/ci/prod/2020.2/sw/continuous/733/packages/customer/vivado/data/ip/xilinx/xdma_v4_1/hdl/xdma_v4_1_vl_rfs.sv:42015]
WARNING: [VRFC 10-3705] select index 3 into 'c2h_dat_bram_out' is out of bounds [/wrk/ci/prod/2020.2/sw/continuous/733/packages/customer/vivado/data/ip/xilinx/xdma_v4_1/hdl/xdma_v4_1_vl_rfs.sv:42016]
WARNING: [VRFC 10-3705] select index 3 into 'c2h_dat_bram_cmd_out' is out of bounds [/wrk/ci/prod/2020.2/sw/continuous/733/packages/customer/vivado/data/ip/xilinx/xdma_v4_1/hdl/xdma_v4_1_vl_rfs.sv:42017]
WARNING: [VRFC 10-3705] select index 3 into 'c2h_dat_bram_cmd_out' is out of bounds [/wrk/ci/prod/2020.2/sw/continuous/733/packages/customer/vivado/data/ip/xilinx/xdma_v4_1/hdl/xdma_v4_1_vl_rfs.sv:42018]
WARNING: [VRFC 10-3705] select index 3 into 'c2h_dat_bram_cmd_out' is out of bounds [/wrk/ci/prod/2020.2/sw/continuous/733/packages/customer/vivado/data/ip/xilinx/xdma_v4_1/hdl/xdma_v4_1_vl_rfs.sv:42020]
Compiling module blk_mem_gen_v8_4_4.blk_mem_gen_v8_4_4_output_stage(...
Compiling module blk_mem_gen_v8_4_4.blk_mem_gen_v8_4_4_output_stage(...
Compiling module blk_mem_gen_v8_4_4.blk_mem_gen_v8_4_4_softecc_outpu...
Compiling module blk_mem_gen_v8_4_4.blk_mem_gen_v8_4_4_mem_module(C_...
Compiling module blk_mem_gen_v8_4_4.blk_mem_axi_regs_fwd_v8_4(C_DATA...
Compiling module blk_mem_gen_v8_4_4.blk_mem_gen_v8_4_4(C_FAMILY="kin...
Compiling module xil_defaultlib.xdma_v4_1_8_blk_mem_64_reg_be
Compiling module xil_defaultlib.xdma_v4_1_8_dma_bram_wrap(DATA_W...
Compiling module blk_mem_gen_v8_4_4.blk_mem_gen_v8_4_4_mem_module(C_...
Compiling module blk_mem_gen_v8_4_4.blk_mem_gen_v8_4_4(C_FAMILY="kin...
Compiling module xil_defaultlib.xdma_v4_1_8_blk_mem_64_noreg_be
Compiling module xil_defaultlib.xdma_v4_1_8_dma_bram_wrap(DATA_W...
Compiling module xpm.xpm_cdc_async_rst(DEST_SYNC_FF=2...
Compiling module xpm.xpm_cdc_async_rst(DEST_SYNC_FF=2...
Compiling module xil_defaultlib.xdma_bpu_pcie3_ip_phy_sync_cell(...
Compiling module xil_defaultlib.xdma_bpu_pcie3_ip_phy_sync(STAGE...
Compiling module xil_defaultlib.xdma_bpu_pcie3_ip_rxcdrhold
Compiling module xil_defaultlib.xdma_bpu_pcie3_ip_phy_clk
Compiling module xil_defaultlib.xdma_bpu_pcie3_ip_phy_rst(PHY_LA...
Compiling module xil_defaultlib.xdma_bpu_pcie3_ip_phy_sync_cell
Compiling module xil_defaultlib.xdma_bpu_pcie3_ip_phy_sync(WIDTH...
Compiling module xil_defaultlib.xdma_bpu_pcie3_ip_phy_sync(WIDTH...
Compiling module xil_defaultlib.xdma_bpu_pcie3_ip_phy_sync(WIDTH...
Compiling module xil_defaultlib.xdma_bpu_pcie3_ip_phy_txeq
Compiling module xil_defaultlib.xdma_bpu_pcie3_ip_phy_sync(WIDTH...
Compiling module xil_defaultlib.xdma_bpu_pcie3_ip_phy_rxeq(PHY_S...
Compiling module unisims_ver.GTHE3_CHANNEL(ALIGN_COMMA_ENABLE...
Compiling module xil_defaultlib.gtwizard_ultrascale_v1_7_9_gthe3...
Compiling module xil_defaultlib.xdma_bpu_pcie3_ip_gt_gthe3_chann...
Compiling module xil_defaultlib.xdma_bpu_pcie3_ip_gt_gtwizard_gt...
Compiling module xil_defaultlib.xdma_bpu_pcie3_ip_gt_gtwizard_to...
Compiling module xil_defaultlib.xdma_bpu_pcie3_ip_gt
Compiling module xil_defaultlib.xdma_bpu_pcie3_ip_gtwizard_top(P...
Compiling module xil_defaultlib.xdma_bpu_pcie3_ip_phy_wrapper(SH...
Compiling module xil_defaultlib.xdma_bpu_pcie3_ip_init_ctrl_defa...
Compiling module xil_defaultlib.xdma_bpu_pcie3_ip_tph_tbl
Compiling module xil_defaultlib.xdma_bpu_pcie3_ip_pipe_misc_defa...
Compiling module xil_defaultlib.xdma_bpu_pcie3_ip_pipe_lane_defa...
Compiling module xil_defaultlib.xdma_bpu_pcie3_ip_pipe_pipeline(...
Compiling module xil_defaultlib.xdma_bpu_pcie3_ip_bram_rep_8k_de...
Compiling module xil_defaultlib.xdma_bpu_pcie3_ip_bram_rep
Compiling module xil_defaultlib.xdma_bpu_pcie3_ip_bram_req_8k_de...
Compiling module xil_defaultlib.xdma_bpu_pcie3_ip_bram_req
Compiling module unisims_ver.RAMB18E2(READ_WIDTH_A=18,READ_WI...
Compiling module xil_defaultlib.xdma_bpu_pcie3_ip_bram_16k_defau...
Compiling module xil_defaultlib.xdma_bpu_pcie3_ip_bram_cpl_defau...
Compiling module xil_defaultlib.xdma_bpu_pcie3_ip_bram
Compiling module unisims_ver.PCIE_3_1(AXISTEN_IF_CC_ALIGNMENT...
Compiling module xil_defaultlib.xdma_bpu_pcie3_ip_pcie3_uscale_w...
Compiling module xil_defaultlib.xdma_bpu_pcie3_ip_pcie3_uscale_t...
Compiling module xil_defaultlib.xdma_bpu_pcie3_ip_pcie3_uscale_c...
Compiling module xil_defaultlib.xdma_bpu_pcie3_ip
Compiling module xil_defaultlib.xdma_bpu_core_top(xlnx_ref_board...
Compiling module xil_defaultlib.xdma_bpu
Compiling module xil_defaultlib.xdma_app_default
Compiling module xil_defaultlib.xdma_pcie_default
Compiling module xil_defaultlib.data_transfer_default
Compiling architecture synth of entity xbip_pipe_v3_0_6.xbip_pipe_v3_0_6_viv [\xbip_pipe_v3_0_6_viv(c_latency=...]
Compiling architecture synth of entity xbip_pipe_v3_0_6.xbip_pipe_v3_0_6_viv [\xbip_pipe_v3_0_6_viv(c_latency=...]
Compiling architecture synth of entity dds_compiler_v6_0_20.dds_compiler_v6_0_20_rdy [\dds_compiler_v6_0_20_rdy(c_has_...]
Compiling architecture synth of entity xbip_pipe_v3_0_6.xbip_pipe_v3_0_6_viv [\xbip_pipe_v3_0_6_viv(c_has_ce=1...]
Compiling architecture synth of entity xbip_pipe_v3_0_6.xbip_pipe_v3_0_6_viv [\xbip_pipe_v3_0_6_viv(c_has_ce=1...]
Compiling architecture synth of entity xbip_pipe_v3_0_6.xbip_pipe_v3_0_6_viv [\xbip_pipe_v3_0_6_viv(c_has_ce=1...]
Compiling architecture synth of entity xbip_pipe_v3_0_6.xbip_pipe_v3_0_6_viv [\xbip_pipe_v3_0_6_viv(c_latency=...]
Compiling architecture synth of entity dds_compiler_v6_0_20.pipe_add [\pipe_add(c_width=16,c_seg_width...]
Compiling architecture synth of entity dds_compiler_v6_0_20.accum [\accum(c_xdevicefamily="kintexu"...]
Compiling architecture synth of entity xbip_pipe_v3_0_6.xbip_pipe_v3_0_6_viv [\xbip_pipe_v3_0_6_viv(c_latency=...]
Compiling architecture synth of entity xbip_pipe_v3_0_6.xbip_pipe_v3_0_6_viv [\xbip_pipe_v3_0_6_viv(c_latency=...]
Compiling architecture synth of entity xbip_pipe_v3_0_6.xbip_pipe_v3_0_6_viv [\xbip_pipe_v3_0_6_viv(c_latency=...]
Compiling architecture synth of entity xbip_pipe_v3_0_6.xbip_pipe_v3_0_6_viv [\xbip_pipe_v3_0_6_viv(c_latency=...]
Compiling architecture synth of entity xbip_pipe_v3_0_6.xbip_pipe_v3_0_6_viv [\xbip_pipe_v3_0_6_viv(c_latency=...]
Compiling architecture synth of entity dds_compiler_v6_0_20.sin_cos [\sin_cos(c_xdevicefamily="kintex...]
Compiling architecture synth of entity xbip_pipe_v3_0_6.xbip_pipe_v3_0_6_viv [\xbip_pipe_v3_0_6_viv(c_has_ce=1...]
Compiling architecture synth of entity dds_compiler_v6_0_20.dds_compiler_v6_0_20_core [\dds_compiler_v6_0_20_core(c_xde...]
Compiling architecture synth of entity dds_compiler_v6_0_20.dds_compiler_v6_0_20_viv [\dds_compiler_v6_0_20_viv(c_xdev...]
Compiling architecture xilinx of entity dds_compiler_v6_0_20.dds_compiler_v6_0_20 [\dds_compiler_v6_0_20(c_xdevicef...]
Compiling architecture dds_ri_arch of entity xil_defaultlib.dds_ri [dds_ri_default]
Compiling architecture synth of entity xbip_pipe_v3_0_6.xbip_pipe_v3_0_6_viv [\xbip_pipe_v3_0_6_viv(c_latency=...]
Compiling architecture synth of entity dds_compiler_v6_0_20.dds_compiler_v6_0_20_rdy [\dds_compiler_v6_0_20_rdy(c_has_...]
Compiling architecture synth of entity xbip_pipe_v3_0_6.xbip_pipe_v3_0_6_viv [\xbip_pipe_v3_0_6_viv(c_latency=...]
Compiling architecture synth of entity xbip_pipe_v3_0_6.xbip_pipe_v3_0_6_viv [\xbip_pipe_v3_0_6_viv(c_has_ce=1...]
Compiling architecture synth of entity xbip_pipe_v3_0_6.xbip_pipe_v3_0_6_viv [\xbip_pipe_v3_0_6_viv(c_latency=...]
Compiling architecture synth of entity dds_compiler_v6_0_20.pipe_add [\pipe_add(c_width=16,c_num_segs=...]
Compiling architecture synth of entity dds_compiler_v6_0_20.accum [\accum(c_xdevicefamily="kintexu"...]
Compiling architecture synth of entity dds_compiler_v6_0_20.sin_cos [\sin_cos(c_xdevicefamily="kintex...]
Compiling architecture synth of entity dds_compiler_v6_0_20.dds_compiler_v6_0_20_core [\dds_compiler_v6_0_20_core(c_xde...]
Compiling architecture synth of entity dds_compiler_v6_0_20.dds_compiler_v6_0_20_viv [\dds_compiler_v6_0_20_viv(c_xdev...]
Compiling architecture xilinx of entity dds_compiler_v6_0_20.dds_compiler_v6_0_20 [\dds_compiler_v6_0_20(c_xdevicef...]
Compiling architecture dds_rq_arch of entity xil_defaultlib.dds_rq [dds_rq_default]
Compiling architecture lut2_v of entity unisim.LUT2 [\LUT2(init="1000")(0,3)\]
Compiling architecture mult_and_v of entity unisim.MULT_AND [mult_and_default]
Compiling architecture muxcy_v of entity unisim.MUXCY [muxcy_default]
Compiling architecture xorcy_v of entity unisim.XORCY [xorcy_default]
Compiling architecture xilinx of entity mult_gen_v12_0_16.op_resize [\op_resize(ao_width=19,bo_width=...]
Compiling architecture xilinx of entity mult_gen_v12_0_16.luts [\luts(c_xdevicefamily="kintexu",...]
Compiling architecture xilinx of entity mult_gen_v12_0_16.mult_gen_v12_0_16_viv [\mult_gen_v12_0_16_viv(c_verbosi...]
Compiling architecture xilinx of entity mult_gen_v12_0_16.mult_gen_v12_0_16 [\mult_gen_v12_0_16(c_xdevicefami...]
Compiling architecture mult_ddc_arch of entity xil_defaultlib.mult_ddc [mult_ddc_default]
Compiling architecture structural of entity c_reg_fd_v12_0_6.c_reg_fd_v12_0_6_viv [\c_reg_fd_v12_0_6_viv(c_width=32...]
Compiling architecture rtl of entity c_addsub_v12_0_14.c_addsub_v12_0_14_lut6_legacy [\c_addsub_v12_0_14_lut6_legacy(c...]
Compiling architecture synth of entity c_addsub_v12_0_14.c_addsub_v12_0_14_fabric_legacy [\c_addsub_v12_0_14_fabric_legacy...]
Compiling architecture synth of entity c_addsub_v12_0_14.c_addsub_v12_0_14_legacy [\c_addsub_v12_0_14_legacy(c_fami...]
Compiling architecture synth of entity c_addsub_v12_0_14.c_addsub_v12_0_14_viv [\c_addsub_v12_0_14_viv(c_xdevice...]
Compiling architecture xilinx of entity c_addsub_v12_0_14.c_addsub_v12_0_14 [\c_addsub_v12_0_14(c_xdevicefami...]
Compiling architecture add_ddc_arch of entity xil_defaultlib.add_ddc [add_ddc_default]
Compiling architecture rtl of entity c_addsub_v12_0_14.c_addsub_v12_0_14_lut6_legacy [\c_addsub_v12_0_14_lut6_legacy(c...]
Compiling architecture synth of entity c_addsub_v12_0_14.c_addsub_v12_0_14_fabric_legacy [\c_addsub_v12_0_14_fabric_legacy...]
Compiling architecture synth of entity c_addsub_v12_0_14.c_addsub_v12_0_14_legacy [\c_addsub_v12_0_14_legacy(c_fami...]
Compiling architecture synth of entity c_addsub_v12_0_14.c_addsub_v12_0_14_viv [\c_addsub_v12_0_14_viv(c_xdevice...]
Compiling architecture xilinx of entity c_addsub_v12_0_14.c_addsub_v12_0_14 [\c_addsub_v12_0_14(c_xdevicefami...]
Compiling architecture sub_ddc_arch of entity xil_defaultlib.sub_ddc [sub_ddc_default]
Compiling module axis_infrastructure_v1_1_0.axis_infrastructure_v1_1_0_util_...
Compiling module axis_infrastructure_v1_1_0.axis_infrastructure_v1_1_0_util_...
Compiling module axis_infrastructure_v1_1_0.axis_infrastructure_v1_1_0_util_...
Compiling module xpm.xpm_cdc_sync_rst(INIT=0,INIT_SYN...
Compiling module xpm.xpm_fifo_rst(CDC_DEST_SYNC_FF=3)
Compiling module xpm.xpm_memory_base(MEMORY_TYPE=1,ME...
Compiling module xpm.xpm_fifo_base(FIFO_WRITE_DEPTH=1...
Compiling module xpm.xpm_fifo_axis(FIFO_DEPTH=1024,TD...
Compiling module axis_data_fifo_v2_0_4.axis_data_fifo_v2_0_4_top(C_FAMI...
Compiling module xil_defaultlib.ddc_out_fifo
Compiling module xil_defaultlib.ddc
Compiling module xil_defaultlib.radio_receive_default
Compiling module xil_defaultlib.radio
Compiling module xil_defaultlib.eqam
Compiling module xil_defaultlib.descrambler
Compiling module xil_defaultlib.deintrlv
Compiling architecture xilinx of entity axi_utils_v2_0_6.glb_srl_fifo [\glb_srl_fifo(width=9,has_ifx=tr...]
Compiling architecture xilinx of entity rs_toolbox_v9_0_8.rs_ifx_slave [\rs_ifx_slave(width=9,has_ifx=tr...]
Compiling architecture xilinx of entity axi_utils_v2_0_6.glb_srl_fifo [\glb_srl_fifo(width=9,depth=4,ha...]
Compiling architecture xilinx of entity axi_utils_v2_0_6.glb_ifx_master [\glb_ifx_master(width=9,depth=4)...]
Compiling architecture ram64x1s_v of entity unisim.RAM64X1S [\RAM64X1S(init="1000000000000000...]
Compiling architecture synth of entity rs_toolbox_v9_0_8.cntre_d [\cntre_d(width=8)\]
Compiling architecture synth of entity rs_decoder_v9_0_17.sampler [\sampler(c_evaluation=1,c_num_ch...]
Compiling architecture synth of entity rs_toolbox_v9_0_8.gate_xor [\gate_xor(q_mode=0)\]
Compiling architecture synth of entity rs_toolbox_v9_0_8.gate_xor [\gate_xor(width=3,q_mode=0)\]
Compiling architecture synth of entity rs_toolbox_v9_0_8.gate_xor [\gate_xor(width=5,q_mode=0)\]
Compiling architecture synth of entity rs_toolbox_v9_0_8.gate_xor [\gate_xor(width=4,q_mode=0)\]
Compiling architecture synth of entity rs_toolbox_v9_0_8.gfcmul [\gfcmul(gfcx=(8,285,38,((2,(3,6,...]
Compiling architecture structural of entity c_reg_fd_v12_0_6.c_reg_fd_v12_0_6_viv [\c_reg_fd_v12_0_6_viv(c_width=8,...]
Compiling architecture synth of entity rs_toolbox_v9_0_8.rs_reg [\rs_reg(c_width=8,c_has_ce=1,c_h...]
Compiling architecture synth of entity rs_toolbox_v9_0_8.big_delay [\big_delay(c_family="kintexu",c_...]
Compiling architecture synth of entity rs_decoder_v9_0_17.scell [\scell(c_family="kintexu",c_xdev...]
Compiling architecture synth of entity rs_toolbox_v9_0_8.gfcmul [\gfcmul(gfcx=(8,285,19,((3,(0,4,...]
Compiling architecture synth of entity rs_decoder_v9_0_17.scell [\scell(c_family="kintexu",c_xdev...]
Compiling architecture synth of entity rs_toolbox_v9_0_8.gfcmul [\gfcmul(gfcx=(8,285,135,((3,(0,1...]
Compiling architecture synth of entity rs_decoder_v9_0_17.scell [\scell(c_family="kintexu",c_xdev...]
Compiling architecture synth of entity rs_toolbox_v9_0_8.gfcmul [\gfcmul(gfcx=(8,285,205,((4,(0,1...]
Compiling architecture synth of entity rs_decoder_v9_0_17.scell [\scell(c_family="kintexu",c_xdev...]
Compiling architecture synth of entity rs_toolbox_v9_0_8.gfcmul [\gfcmul(gfcx=(8,285,232,((4,(1,2...]
Compiling architecture synth of entity rs_decoder_v9_0_17.scell [\scell(c_family="kintexu",c_xdev...]
Compiling architecture synth of entity rs_toolbox_v9_0_8.gfcmul [\gfcmul(gfcx=(8,285,116,((3,(2,3...]
Compiling architecture synth of entity rs_decoder_v9_0_17.scell [\scell(c_family="kintexu",c_xdev...]
Compiling architecture synth of entity rs_toolbox_v9_0_8.gfcmul [\gfcmul(gfcx=(8,285,58,((3,(3,4,...]
Compiling architecture synth of entity rs_decoder_v9_0_17.scell [\scell(c_family="kintexu",c_xdev...]
Compiling architecture synth of entity rs_toolbox_v9_0_8.gfcmul [\gfcmul(gfcx=(8,285,29,((4,(0,4,...]
Compiling architecture synth of entity rs_decoder_v9_0_17.scell [\scell(c_family="kintexu",c_xdev...]
Compiling architecture synth of entity rs_toolbox_v9_0_8.gfcmul [\gfcmul(gfcx=(8,285,128,((4,(1,5...]
Compiling architecture synth of entity rs_decoder_v9_0_17.scell [\scell(c_family="kintexu",c_xdev...]
Compiling architecture synth of entity rs_toolbox_v9_0_8.gfcmul [\gfcmul(gfcx=(8,285,64,((3,(2,6,...]
Compiling architecture synth of entity rs_decoder_v9_0_17.scell [\scell(c_family="kintexu",c_xdev...]
Compiling architecture synth of entity rs_toolbox_v9_0_8.gate_xor [\gate_xor(width=1,q_mode=0)\]
Compiling architecture synth of entity rs_toolbox_v9_0_8.gfcmul [\gfcmul(gfcx=(8,285,32,((2,(3,7,...]
Compiling architecture synth of entity rs_decoder_v9_0_17.scell [\scell(c_family="kintexu",c_xdev...]
Compiling architecture synth of entity rs_toolbox_v9_0_8.gfcmul [\gfcmul(gfcx=(8,285,16,((1,(4,-2...]
Compiling architecture synth of entity rs_decoder_v9_0_17.scell [\scell(c_family="kintexu",c_xdev...]
Compiling architecture synth of entity rs_toolbox_v9_0_8.gfcmul [\gfcmul(gfcx=(8,285,8,((1,(5,-21...]
Compiling architecture synth of entity rs_decoder_v9_0_17.scell [\scell(c_family="kintexu",c_xdev...]
Compiling architecture synth of entity rs_toolbox_v9_0_8.gfcmul [\gfcmul(gfcx=(8,285,4,((1,(6,-21...]
Compiling architecture synth of entity rs_decoder_v9_0_17.scell [\scell(c_family="kintexu",c_xdev...]
Compiling architecture synth of entity rs_toolbox_v9_0_8.gfcmul [\gfcmul(gfcx=(8,285,2,((1,(7,-21...]
Compiling architecture synth of entity rs_decoder_v9_0_17.scell [\scell(c_family="kintexu",c_xdev...]
Compiling architecture struct of entity c_shift_ram_v12_0_14.c_shift_ram_v12_0_14_legacy [\c_shift_ram_v12_0_14_legacy(c_x...]
Compiling architecture synth of entity c_shift_ram_v12_0_14.c_shift_ram_v12_0_14_viv [\c_shift_ram_v12_0_14_viv(c_xdev...]
Compiling architecture synth of entity rs_toolbox_v9_0_8.shift_ram_delay [\shift_ram_delay(c_xdevicefamily...]
Compiling architecture synth of entity rs_toolbox_v9_0_8.lut_delay [\lut_delay(instance_name="sbd1",...]
Compiling architecture synth of entity rs_toolbox_v9_0_8.big_delay [\big_delay(c_family="kintexu",c_...]
Compiling architecture synth of entity rs_toolbox_v9_0_8.gfcmul [\gfcmul(gfcx=(8,285,1,((1,(0,-21...]
Compiling architecture synth of entity rs_decoder_v9_0_17.scell [\scell(c_family="kintexu",c_xdev...]
Compiling architecture structural of entity c_reg_fd_v12_0_6.c_reg_fd_v12_0_6_viv [\c_reg_fd_v12_0_6_viv(c_sync_pri...]
Compiling architecture synth of entity rs_toolbox_v9_0_8.rs_reg_bit [\rs_reg_bit(c_has_sclr=1,c_sync_...]
Compiling architecture synth of entity rs_toolbox_v9_0_8.big_delay [\big_delay(c_family="kintexu",c_...]
Compiling architecture structural of entity c_reg_fd_v12_0_6.c_reg_fd_v12_0_6_viv [\c_reg_fd_v12_0_6_viv(c_sync_pri...]
Compiling architecture synth of entity rs_toolbox_v9_0_8.rs_reg_bit [\rs_reg_bit(c_has_ce=0,c_has_scl...]
Compiling architecture synth of entity rs_decoder_v9_0_17.syndrome [\syndrome(c_family="kintexu",c_x...]
Compiling architecture synth of entity rs_toolbox_v9_0_8.cntre_a [\cntre_a(width=5,use_count_to=tr...]
Compiling architecture struct of entity c_compare_v12_0_6.c_compare_eq_ne [\c_compare_eq_ne(c_family="kinte...]
Compiling architecture synth of entity c_compare_v12_0_6.c_compare_v12_0_6_viv [\c_compare_v12_0_6_viv(c_family=...]
Compiling architecture synth of entity rs_toolbox_v9_0_8.rs_compare [\rs_compare(c_family="kintexu",i...]
Compiling architecture synth of entity rs_toolbox_v9_0_8.comp_eq [\comp_eq(c_family="kintexu",widt...]
Compiling architecture synth of entity c_compare_v12_0_6.c_compare_v12_0_6_viv [\c_compare_v12_0_6_viv(c_family=...]
Compiling architecture synth of entity rs_toolbox_v9_0_8.rs_compare [\rs_compare(c_family="kintexu",i...]
Compiling architecture synth of entity rs_toolbox_v9_0_8.comp_eq [\comp_eq(c_family="kintexu",widt...]
Compiling architecture synth of entity rs_toolbox_v9_0_8.cntre_a [\cntre_a(width=4,use_count_to=tr...]
Compiling architecture structural of entity c_reg_fd_v12_0_6.c_reg_fd_v12_0_6_viv [\c_reg_fd_v12_0_6_viv(c_width=8,...]
Compiling architecture synth of entity rs_toolbox_v9_0_8.rs_reg [\rs_reg(c_width=8,c_has_ce=1,c_s...]
Compiling architecture fdre_v of entity unisim.FDRE [fdre_default]
Compiling architecture fde_v of entity unisim.FDE [fde_default]
Compiling architecture synth of entity rs_decoder_v9_0_17.sr_length_unit_bit [\sr_length_unit_bit(c_has_co=tru...]
Compiling architecture synth of entity rs_decoder_v9_0_17.sr_length_unit_bit [\sr_length_unit_bit(c_has_co=fal...]
Compiling architecture synth of entity rs_decoder_v9_0_17.sr_length_unit [\sr_length_unit(w=5,c_has_ce=0,c...]
Compiling architecture synth of entity c_gate_bit_v12_0_6.c_gate_bit_tile [\c_gate_bit_tile(c_width_in=2,ci...]
Compiling architecture synth of entity c_gate_bit_v12_0_6.c_gate_bit_tier [\c_gate_bit_tier(c_width_in=2,c_...]
Compiling architecture synth of entity c_gate_bit_v12_0_6.c_gate_bit_v12_0_6_viv [\c_gate_bit_v12_0_6_viv(c_has_o=...]
Compiling architecture struct of entity c_compare_v12_0_6.c_compare_eq_ne [\c_compare_eq_ne(c_family="kinte...]
Compiling architecture synth of entity c_compare_v12_0_6.c_compare_v12_0_6_viv [\c_compare_v12_0_6_viv(c_family=...]
Compiling architecture synth of entity rs_toolbox_v9_0_8.rs_compare [\rs_compare(c_family="kintexu",i...]
Compiling architecture synth of entity rs_toolbox_v9_0_8.comp_neq [\comp_neq(c_family="kintexu",wid...]
Compiling architecture synth of entity rs_toolbox_v9_0_8.syncmem [\syncmem(width=8,reqd_depth=9,me...]
Compiling architecture synth of entity rs_toolbox_v9_0_8.rs_distributed_mem [\rs_distributed_mem(c_elaboratio...]
Compiling architecture synth of entity rs_toolbox_v9_0_8.syncmem [\syncmem(width=8,reqd_depth=9,me...]
Compiling architecture structural of entity c_reg_fd_v12_0_6.c_reg_fd_v12_0_6_viv [\c_reg_fd_v12_0_6_viv(c_sync_pri...]
Compiling architecture synth of entity rs_toolbox_v9_0_8.rs_reg_bit [\rs_reg_bit(c_has_ce=0,c_sync_en...]
Compiling architecture synth of entity rs_toolbox_v9_0_8.rs_distributed_mem [\rs_distributed_mem(c_elaboratio...]
Compiling architecture synth of entity rs_toolbox_v9_0_8.dp_syncmem [\dp_syncmem(width=8,reqd_depth=9...]
Compiling architecture structural of entity c_reg_fd_v12_0_6.c_reg_fd_v12_0_6_viv [\c_reg_fd_v12_0_6_viv(c_width=4,...]
Compiling architecture synth of entity rs_toolbox_v9_0_8.rs_reg [\rs_reg(c_width=4,c_has_ce=0,c_s...]
Compiling architecture struct of entity c_compare_v12_0_6.c_compare_lt_ge_gt_le [\c_compare_lt_ge_gt_le(c_data_ty...]
Compiling architecture struct of entity c_compare_v12_0_6.c_compare_carry_structure [\c_compare_carry_structure(c_dat...]
Compiling architecture synth of entity c_compare_v12_0_6.c_compare_v12_0_6_viv [\c_compare_v12_0_6_viv(c_family=...]
Compiling architecture synth of entity rs_toolbox_v9_0_8.rs_compare [\rs_compare(c_family="kintexu",i...]
Compiling architecture synth of entity rs_toolbox_v9_0_8.comp_lt [\comp_lt(c_family="kintexu",widt...]
Compiling architecture synth of entity rs_toolbox_v9_0_8.rs_distributed_mem [\rs_distributed_mem(c_elaboratio...]
Compiling architecture synth of entity rs_toolbox_v9_0_8.syncmem [\syncmem(width=8,reqd_depth=16,m...]
Compiling architecture struct of entity c_compare_v12_0_6.c_compare_eq_ne [\c_compare_eq_ne(c_family="kinte...]
Compiling architecture synth of entity c_compare_v12_0_6.c_compare_v12_0_6_viv [\c_compare_v12_0_6_viv(c_family=...]
Compiling architecture synth of entity rs_toolbox_v9_0_8.rs_compare [\rs_compare(c_family="kintexu",i...]
Compiling architecture synth of entity rs_toolbox_v9_0_8.comp_eq [\comp_eq(c_family="kintexu",widt...]
Compiling architecture structural of entity c_reg_fd_v12_0_6.c_reg_fd_v12_0_6_viv [\c_reg_fd_v12_0_6_viv(c_width=4,...]
Compiling architecture rtl of entity c_addsub_v12_0_14.c_addsub_v12_0_14_lut6_legacy [\c_addsub_v12_0_14_lut6_legacy(c...]
Compiling architecture synth of entity c_addsub_v12_0_14.c_addsub_v12_0_14_fabric_legacy [\c_addsub_v12_0_14_fabric_legacy...]
Compiling architecture synth of entity c_addsub_v12_0_14.c_addsub_v12_0_14_legacy [\c_addsub_v12_0_14_legacy(c_fami...]
Compiling architecture synth of entity c_counter_binary_v12_0_14.c_counter_binary_v12_0_14_legacy [\c_counter_binary_v12_0_14_legac...]
Compiling architecture synth of entity c_counter_binary_v12_0_14.c_counter_binary_v12_0_14_viv [\c_counter_binary_v12_0_14_viv(c...]
Compiling architecture synth of entity rs_toolbox_v9_0_8.rs_counter [\rs_counter(c_xdevicefamily="kin...]
Compiling architecture synth of entity rs_toolbox_v9_0_8.ud_cntre [\ud_cntre(c_xdevicefamily="kinte...]
Compiling architecture synth of entity c_compare_v12_0_6.c_compare_v12_0_6_viv [\c_compare_v12_0_6_viv(c_family=...]
Compiling architecture synth of entity rs_toolbox_v9_0_8.rs_compare [\rs_compare(c_family="kintexu",i...]
Compiling architecture synth of entity rs_toolbox_v9_0_8.comp_eq [\comp_eq(c_family="kintexu",widt...]
Compiling architecture structural of entity c_reg_fd_v12_0_6.c_reg_fd_v12_0_6_viv [\c_reg_fd_v12_0_6_viv(c_width=8,...]
Compiling architecture synth of entity rs_toolbox_v9_0_8.rs_reg [\rs_reg(c_width=8,c_has_ce=0,c_s...]
Compiling architecture synth of entity rs_toolbox_v9_0_8.big_delay [\big_delay(c_family="kintexu",c_...]
Compiling architecture synth of entity rs_toolbox_v9_0_8.xsop4_stage [\xsop4_stage(q_mode=0)\]
Compiling architecture synth of entity rs_toolbox_v9_0_8.gate_xsop [\gate_xsop(q_mode=0,c_family="ki...]
Compiling architecture synth of entity rs_toolbox_v9_0_8.xsop4_stage [\xsop4_stage(width=2,q_mode=0)\]
Compiling architecture synth of entity rs_toolbox_v9_0_8.gate_xsop [\gate_xsop(width=2,q_mode=0,c_fa...]
Compiling architecture synth of entity rs_toolbox_v9_0_8.xsop4_stage [\xsop4_stage(width=3,q_mode=0)\]
Compiling architecture synth of entity rs_toolbox_v9_0_8.gate_xsop [\gate_xsop(width=3,q_mode=0,c_fa...]
Compiling architecture synth of entity rs_toolbox_v9_0_8.xsop4_stage [\xsop4_stage(width=4,q_mode=0)\]
Compiling architecture synth of entity rs_toolbox_v9_0_8.gate_xsop [\gate_xsop(width=4,q_mode=0,c_fa...]
Compiling architecture synth of entity rs_toolbox_v9_0_8.gate_xsop [\gate_xsop(width=5,q_mode=0,c_fa...]
Compiling architecture synth of entity rs_toolbox_v9_0_8.gate_xsop [\gate_xsop(width=6,q_mode=0,c_fa...]
Compiling architecture synth of entity rs_toolbox_v9_0_8.gate_xsop [\gate_xsop(width=7,q_mode=0,c_fa...]
Compiling architecture synth of entity rs_toolbox_v9_0_8.gate_xsop [\gate_xsop(width=8,q_mode=0,c_fa...]
Compiling architecture synth of entity rs_toolbox_v9_0_8.gate_xor [\gate_xor(width=6,q_mode=0)\]
Compiling architecture synth of entity rs_toolbox_v9_0_8.gate_xor [\gate_xor(width=7,q_mode=0)\]
Compiling architecture synth of entity rs_toolbox_v9_0_8.gate_xor [\gate_xor(width=9,q_mode=0)\]
Compiling architecture synth of entity rs_toolbox_v9_0_8.gfmul [\gfmul(c_family="kintexu",c_xdev...]
Compiling architecture synth of entity rs_toolbox_v9_0_8.big_delay [\big_delay(c_family="kintexu",c_...]
Compiling architecture synth of entity rs_toolbox_v9_0_8.gate_xor [\gate_xor(width=7,q_mode=2)\]
Compiling architecture synth of entity rs_toolbox_v9_0_8.gate_xor [\gate_xor(width=6,q_mode=2)\]
Compiling architecture synth of entity rs_toolbox_v9_0_8.gate_xor [\gate_xor(width=8,q_mode=2)\]
Compiling architecture synth of entity rs_toolbox_v9_0_8.gate_xor [\gate_xor(width=10,q_mode=2)\]
Compiling architecture synth of entity rs_toolbox_v9_0_8.gfmac_mul [\gfmac_mul(c_family="kintexu",c_...]
Compiling architecture structural of entity c_reg_fd_v12_0_6.c_reg_fd_v12_0_6_viv [\c_reg_fd_v12_0_6_viv(c_width=8,...]
Compiling architecture synth of entity rs_toolbox_v9_0_8.rs_reg [\rs_reg(c_width=8,c_has_ce=1,c_h...]
Compiling architecture synth of entity rs_toolbox_v9_0_8.big_delay [\big_delay(c_family="kintexu",c_...]
Compiling architecture synth of entity rs_toolbox_v9_0_8.gfmac [\gfmac(c_family="kintexu",c_xdev...]
Compiling architecture structural of entity c_reg_fd_v12_0_6.c_reg_fd_v12_0_6_viv [\c_reg_fd_v12_0_6_viv(c_width=5,...]
Compiling architecture synth of entity rs_toolbox_v9_0_8.rs_reg [\rs_reg(c_width=5,c_has_ce=1,c_s...]
Compiling architecture synth of entity rs_decoder_v9_0_17.bma [\bma(c_k=239,c_n=255,c_polynomia...]
Compiling architecture synth of entity rs_toolbox_v9_0_8.gate_xor [\gate_xor(width=1,q_mode=1)\]
Compiling architecture synth of entity rs_toolbox_v9_0_8.gfcmul [\gfcmul(gfcx=(8,285,1,((1,(0,-21...]
Compiling architecture synth of entity rs_decoder_v9_0_17.csubcell [\csubcell(c_family="kintexu",c_x...]
Compiling architecture synth of entity rs_decoder_v9_0_17.ccell [\ccell(c_family="kintexu",c_xdev...]
Compiling architecture synth of entity rs_decoder_v9_0_17.csubcell [\csubcell(c_family="kintexu",c_x...]
Compiling architecture synth of entity rs_decoder_v9_0_17.ccell [\ccell(c_family="kintexu",c_xdev...]
Compiling architecture synth of entity rs_decoder_v9_0_17.csubcell [\csubcell(c_family="kintexu",c_x...]
Compiling architecture synth of entity rs_decoder_v9_0_17.ccell [\ccell(c_family="kintexu",c_xdev...]
Compiling architecture synth of entity rs_decoder_v9_0_17.csubcell [\csubcell(c_family="kintexu",c_x...]
Compiling architecture synth of entity rs_decoder_v9_0_17.ccell [\ccell(c_family="kintexu",c_xdev...]
Compiling architecture synth of entity rs_decoder_v9_0_17.csubcell [\csubcell(c_family="kintexu",c_x...]
Compiling architecture synth of entity rs_decoder_v9_0_17.ccell [\ccell(c_family="kintexu",c_xdev...]
Compiling architecture synth of entity rs_decoder_v9_0_17.csubcell [\csubcell(c_family="kintexu",c_x...]
Compiling architecture synth of entity rs_decoder_v9_0_17.ccell [\ccell(c_family="kintexu",c_xdev...]
Compiling architecture synth of entity rs_decoder_v9_0_17.csubcell [\csubcell(c_family="kintexu",c_x...]
Compiling architecture synth of entity rs_decoder_v9_0_17.ccell [\ccell(c_family="kintexu",c_xdev...]
Compiling architecture synth of entity rs_toolbox_v9_0_8.gate_xor [\gate_xor(width=8,q_mode=1)\]
Compiling architecture synth of entity rs_toolbox_v9_0_8.gate_xor [\gate_xor(width=4,q_mode=2)\]
Compiling architecture synth of entity rs_toolbox_v9_0_8.gate_xor [\gate_xor(width=6,q_mode=1)\]
Compiling architecture structural of entity c_reg_fd_v12_0_6.c_reg_fd_v12_0_6_viv [\c_reg_fd_v12_0_6_viv(c_ainit_va...]
Compiling architecture synth of entity rs_toolbox_v9_0_8.rs_reg_bit [\rs_reg_bit(c_ainit_val="1",c_ha...]
Compiling architecture synth of entity rs_toolbox_v9_0_8.cntre_a [\cntre_a(width=3,use_count_to=tr...]
Compiling architecture synth of entity rs_decoder_v9_0_17.csubcell [\csubcell(c_family="kintexu",c_x...]
Compiling architecture synth of entity rs_decoder_v9_0_17.ccell [\ccell(c_family="kintexu",c_xdev...]
Compiling architecture synth of entity rs_decoder_v9_0_17.csubcell [\csubcell(c_family="kintexu",c_x...]
Compiling architecture synth of entity rs_decoder_v9_0_17.ccell [\ccell(c_family="kintexu",c_xdev...]
Compiling architecture synth of entity c_gate_bit_v12_0_6.c_gate_bit_v12_0_6_viv [\c_gate_bit_v12_0_6_viv(c_has_o=...]
Compiling architecture structural of entity c_reg_fd_v12_0_6.c_reg_fd_v12_0_6_viv [\c_reg_fd_v12_0_6_viv(c_sync_pri...]
Compiling architecture struct of entity c_compare_v12_0_6.c_compare_eq_ne [\c_compare_eq_ne(c_family="kinte...]
Compiling architecture synth of entity c_compare_v12_0_6.c_compare_v12_0_6_viv [\c_compare_v12_0_6_viv(c_family=...]
Compiling architecture synth of entity rs_toolbox_v9_0_8.rs_compare [\rs_compare(c_family="kintexu",i...]
Compiling architecture synth of entity rs_toolbox_v9_0_8.comp_eq [\comp_eq(c_family="kintexu",widt...]
Compiling architecture structural of entity c_reg_fd_v12_0_6.c_reg_fd_v12_0_6_viv [\c_reg_fd_v12_0_6_viv(c_ainit_va...]
Compiling architecture synth of entity rs_toolbox_v9_0_8.rs_reg_bit [\rs_reg_bit(c_has_ce=0,c_ainit_v...]
Compiling architecture structural of entity c_reg_fd_v12_0_6.c_reg_fd_v12_0_6_viv [\c_reg_fd_v12_0_6_viv(c_sync_pri...]
Compiling architecture struct of entity c_compare_v12_0_6.c_compare_eq_ne [\c_compare_eq_ne(c_family="kinte...]
Compiling architecture synth of entity c_compare_v12_0_6.c_compare_v12_0_6_viv [\c_compare_v12_0_6_viv(c_family=...]
Compiling architecture synth of entity rs_toolbox_v9_0_8.rs_compare [\rs_compare(c_family="kintexu",i...]
Compiling architecture synth of entity rs_toolbox_v9_0_8.comp_eq [\comp_eq(c_family="kintexu",widt...]
Compiling architecture synth of entity rs_decoder_v9_0_17.chien [\chien(c_polynomial=285,c_symbol...]
Compiling architecture structural of entity c_reg_fd_v12_0_6.c_reg_fd_v12_0_6_viv [\c_reg_fd_v12_0_6_viv(c_width=11...]
Compiling architecture rtl of entity c_addsub_v12_0_14.c_addsub_v12_0_14_lut6_legacy [\c_addsub_v12_0_14_lut6_legacy(c...]
Compiling architecture synth of entity c_addsub_v12_0_14.c_addsub_v12_0_14_fabric_legacy [\c_addsub_v12_0_14_fabric_legacy...]
Compiling architecture synth of entity c_addsub_v12_0_14.c_addsub_v12_0_14_legacy [\c_addsub_v12_0_14_legacy(c_fami...]
Compiling architecture synth of entity c_counter_binary_v12_0_14.c_counter_binary_v12_0_14_legacy [\c_counter_binary_v12_0_14_legac...]
Compiling architecture synth of entity c_counter_binary_v12_0_14.c_counter_binary_v12_0_14_viv [\c_counter_binary_v12_0_14_viv(c...]
Compiling architecture synth of entity rs_toolbox_v9_0_8.rs_counter [\rs_counter(c_xdevicefamily="kin...]
Compiling architecture synth of entity rs_toolbox_v9_0_8.rs_block_mem [\rs_block_mem(c_family="kintexu"...]
Compiling architecture synth of entity rs_toolbox_v9_0_8.rs_sync_fifo [\rs_sync_fifo(c_family="kintexu"...]
Compiling architecture struct of entity c_shift_ram_v12_0_14.c_shift_ram_v12_0_14_legacy [\c_shift_ram_v12_0_14_legacy(c_x...]
Compiling architecture synth of entity c_shift_ram_v12_0_14.c_shift_ram_v12_0_14_viv [\c_shift_ram_v12_0_14_viv(c_xdev...]
Compiling architecture synth of entity rs_toolbox_v9_0_8.shift_ram_delay [\shift_ram_delay(c_xdevicefamily...]
Compiling architecture synth of entity rs_toolbox_v9_0_8.lut_delay [\lut_delay(c_xdevicefamily="kint...]
Compiling architecture synth of entity rs_toolbox_v9_0_8.big_delay [\big_delay(c_family="kintexu",c_...]
Compiling architecture synth of entity c_compare_v12_0_6.c_compare_v12_0_6_viv [\c_compare_v12_0_6_viv(c_family=...]
Compiling architecture synth of entity rs_toolbox_v9_0_8.rs_compare [\rs_compare(c_family="kintexu",i...]
Compiling architecture synth of entity rs_toolbox_v9_0_8.comp_eq [\comp_eq(c_family="kintexu",widt...]
Compiling architecture structural of entity c_reg_fd_v12_0_6.c_reg_fd_v12_0_6_viv [\c_reg_fd_v12_0_6_viv(c_sync_pri...]
Compiling architecture synth of entity rs_toolbox_v9_0_8.rs_reg_bit [\rs_reg_bit(c_sync_enable=0)(1,1...]
Compiling architecture structural of entity c_reg_fd_v12_0_6.c_reg_fd_v12_0_6_viv [\c_reg_fd_v12_0_6_viv(c_width=5,...]
Compiling architecture rtl of entity c_addsub_v12_0_14.c_addsub_v12_0_14_lut6_legacy [\c_addsub_v12_0_14_lut6_legacy(c...]
Compiling architecture synth of entity c_addsub_v12_0_14.c_addsub_v12_0_14_fabric_legacy [\c_addsub_v12_0_14_fabric_legacy...]
Compiling architecture synth of entity c_addsub_v12_0_14.c_addsub_v12_0_14_legacy [\c_addsub_v12_0_14_legacy(c_fami...]
Compiling architecture synth of entity c_counter_binary_v12_0_14.c_counter_binary_v12_0_14_legacy [\c_counter_binary_v12_0_14_legac...]
Compiling architecture synth of entity c_counter_binary_v12_0_14.c_counter_binary_v12_0_14_viv [\c_counter_binary_v12_0_14_viv(c...]
Compiling architecture synth of entity rs_toolbox_v9_0_8.rs_counter [\rs_counter(c_xdevicefamily="kin...]
Compiling architecture synth of entity rs_toolbox_v9_0_8.cntre_b [\cntre_b(c_xdevicefamily="kintex...]
Compiling architecture synth of entity rs_toolbox_v9_0_8.big_delay [\big_delay(c_family="kintexu",c_...]
Compiling architecture struct of entity c_compare_v12_0_6.c_compare_eq_ne [\c_compare_eq_ne(c_family="kinte...]
Compiling architecture synth of entity c_compare_v12_0_6.c_compare_v12_0_6_viv [\c_compare_v12_0_6_viv(c_family=...]
Compiling architecture synth of entity rs_toolbox_v9_0_8.rs_compare [\rs_compare(c_family="kintexu",i...]
Compiling architecture synth of entity rs_toolbox_v9_0_8.comp_neq_var [\comp_neq_var(width=5,q_mode=0,c...]
Compiling architecture struct of entity c_compare_v12_0_6.c_compare_eq_ne [\c_compare_eq_ne(c_family="kinte...]
Compiling architecture synth of entity c_compare_v12_0_6.c_compare_v12_0_6_viv [\c_compare_v12_0_6_viv(c_family=...]
Compiling architecture synth of entity rs_toolbox_v9_0_8.rs_compare [\rs_compare(c_family="kintexu",i...]
Compiling architecture synth of entity rs_toolbox_v9_0_8.comp_neq [\comp_neq(c_family="kintexu",wid...]
Compiling architecture struct of entity c_compare_v12_0_6.c_compare_eq_ne [\c_compare_eq_ne(c_family="kinte...]
Compiling architecture synth of entity c_compare_v12_0_6.c_compare_v12_0_6_viv [\c_compare_v12_0_6_viv(c_family=...]
Compiling architecture synth of entity rs_toolbox_v9_0_8.rs_compare [\rs_compare(c_family="kintexu",i...]
Compiling architecture synth of entity rs_toolbox_v9_0_8.rs_block_mem [\rs_block_mem(c_family="kintexu"...]
Compiling architecture synth of entity rs_toolbox_v9_0_8.rs_mem [\rs_mem(c_family="kintexu",c_xde...]
Compiling architecture synth of entity rs_toolbox_v9_0_8.syncmem [\syncmem(width=8,reqd_depth=256,...]
Compiling architecture synth of entity rs_toolbox_v9_0_8.gfinvrom [\gfinvrom(width=8,inverse_of=(0,...]
Compiling architecture synth of entity rs_toolbox_v9_0_8.gfinv [\gfinv(symbol_width=8,polynomial...]
Compiling architecture synth of entity rs_decoder_v9_0_17.forney [\forney(c_num_channels=1,c_polyn...]
Compiling architecture synth of entity rs_decoder_v9_0_17.rs_decoder_main [\rs_decoder_main(c_has_aclken=0,...]
Compiling architecture synth of entity rs_decoder_v9_0_17.rs_decoder_axi_wrapper [\rs_decoder_axi_wrapper(c_has_ac...]
Compiling architecture synth of entity rs_decoder_v9_0_17.rs_decoder_v9_0_17_viv [\rs_decoder_v9_0_17_viv(c_has_ac...]
Compiling architecture xilinx of entity rs_decoder_v9_0_17.rs_decoder_v9_0_17 [\rs_decoder_v9_0_17(c_has_areset...]
Compiling architecture rs_decoder_arch of entity xil_defaultlib.rs_decoder [rs_decoder_default]
Compiling module xil_defaultlib.crc24_calc_1bit
Compiling module xil_defaultlib.crc24_insert_1bit
Compiling module xil_defaultlib.crc_generator
Compiling module xil_defaultlib.crc_detector
Compiling module xil_defaultlib.mac_deblock
Compiling module xil_defaultlib.layer1_receive_default
Compiling module xil_defaultlib.layer1
Compiling module xil_defaultlib.tpu_pullstream
Compiling module xil_defaultlib.tpu_receive_default
Compiling module xil_defaultlib.board
Compiling module xil_defaultlib.glbl
Built simulation snapshot board_behav
